{"C:\\Users\\Chaima\\Desktop\\test\\Front_Reastaurant\\karma.conf.js":{"path":"C:\\Users\\Chaima\\Desktop\\test\\Front_Reastaurant\\karma.conf.js","statementMap":{"0":{"start":{"line":1,"column":0},"end":{"line":15,"column":2}},"1":{"start":{"line":2,"column":2},"end":{"line":14,"column":5}}},"fnMap":{"0":{"name":"(anonymous_0)","decl":{"start":{"line":1,"column":17},"end":{"line":1,"column":18}},"loc":{"start":{"line":1,"column":35},"end":{"line":15,"column":1}},"line":1}},"branchMap":{},"s":{"0":0,"1":0},"f":{"0":0},"b":{},"all":true},"C:\\Users\\Chaima\\Desktop\\test\\Front_Reastaurant\\src\\app\\layouts\\admin-layout\\category\\category.spec.ts":{"path":"C:\\Users\\Chaima\\Desktop\\test\\Front_Reastaurant\\src\\app\\layouts\\admin-layout\\category\\category.spec.ts","statementMap":{"0":{"start":{"line":3,"column":0},"end":{"line":7,"column":3}},"1":{"start":{"line":4,"column":2},"end":{"line":6,"column":5}},"2":{"start":{"line":5,"column":4},"end":{"line":5,"column":40}}},"fnMap":{"0":{"name":"(anonymous_0)","decl":{"start":{"line":3,"column":21},"end":{"line":3,"column":22}},"loc":{"start":{"line":3,"column":27},"end":{"line":7,"column":1}},"line":3},"1":{"name":"(anonymous_1)","decl":{"start":{"line":4,"column":34},"end":{"line":4,"column":35}},"loc":{"start":{"line":4,"column":40},"end":{"line":6,"column":3}},"line":4}},"branchMap":{},"s":{"0":0,"1":0,"2":0},"f":{"0":0,"1":0},"b":{},"all":true},"C:\\Users\\Chaima\\Desktop\\test\\Front_Reastaurant\\src\\app\\models\\menu-item.spec.ts":{"path":"C:\\Users\\Chaima\\Desktop\\test\\Front_Reastaurant\\src\\app\\models\\menu-item.spec.ts","statementMap":{"0":{"start":{"line":3,"column":0},"end":{"line":7,"column":3}},"1":{"start":{"line":4,"column":2},"end":{"line":6,"column":5}},"2":{"start":{"line":5,"column":4},"end":{"line":5,"column":40}}},"fnMap":{"0":{"name":"(anonymous_0)","decl":{"start":{"line":3,"column":21},"end":{"line":3,"column":22}},"loc":{"start":{"line":3,"column":27},"end":{"line":7,"column":1}},"line":3},"1":{"name":"(anonymous_1)","decl":{"start":{"line":4,"column":34},"end":{"line":4,"column":35}},"loc":{"start":{"line":4,"column":40},"end":{"line":6,"column":3}},"line":4}},"branchMap":{},"s":{"0":0,"1":0,"2":0},"f":{"0":0,"1":0},"b":{},"all":true},"C:\\Users\\Chaima\\Desktop\\test\\Front_Reastaurant\\src\\app\\models\\menu.spec.ts":{"path":"C:\\Users\\Chaima\\Desktop\\test\\Front_Reastaurant\\src\\app\\models\\menu.spec.ts","statementMap":{"0":{"start":{"line":3,"column":0},"end":{"line":7,"column":3}},"1":{"start":{"line":4,"column":2},"end":{"line":6,"column":5}},"2":{"start":{"line":5,"column":4},"end":{"line":5,"column":36}}},"fnMap":{"0":{"name":"(anonymous_0)","decl":{"start":{"line":3,"column":17},"end":{"line":3,"column":18}},"loc":{"start":{"line":3,"column":23},"end":{"line":7,"column":1}},"line":3},"1":{"name":"(anonymous_1)","decl":{"start":{"line":4,"column":34},"end":{"line":4,"column":35}},"loc":{"start":{"line":4,"column":40},"end":{"line":6,"column":3}},"line":4}},"branchMap":{},"s":{"0":0,"1":0,"2":0},"f":{"0":0,"1":0},"b":{},"all":true},"C:\\Users\\Chaima\\Desktop\\test\\Front_Reastaurant\\src\\assets\\template\\js\\all.js":{"path":"C:\\Users\\Chaima\\Desktop\\test\\Front_Reastaurant\\src\\assets\\template\\js\\all.js","statementMap":{},"fnMap":{},"branchMap":{},"s":{},"f":{},"b":{},"all":true},"C:\\Users\\Chaima\\Desktop\\test\\Front_Reastaurant\\src\\assets\\template\\js\\bootstrap.min.js":{"path":"C:\\Users\\Chaima\\Desktop\\test\\Front_Reastaurant\\src\\assets\\template\\js\\bootstrap.min.js","statementMap":{"0":{"start":{"line":11,"column":0},"end":{"line":11,"column":88}},"1":{"start":{"line":11,"column":30},"end":{"line":11,"column":88}},"2":{"start":{"line":11,"column":88},"end":{"line":12,"column":4938}},"3":{"start":{"line":11,"column":120},"end":{"line":11,"column":156}},"4":{"start":{"line":11,"column":157},"end":{"line":11,"column":316}},"5":{"start":{"line":11,"column":209},"end":{"line":11,"column":316}},"6":{"start":{"line":11,"column":366},"end":{"line":11,"column":499}},"7":{"start":{"line":11,"column":400},"end":{"line":11,"column":407}},"8":{"start":{"line":11,"column":410},"end":{"line":11,"column":428}},"9":{"start":{"line":11,"column":429},"end":{"line":11,"column":497}},"10":{"start":{"line":11,"column":506},"end":{"line":11,"column":530}},"11":{"start":{"line":11,"column":533},"end":{"line":11,"column":575}},"12":{"start":{"line":11,"column":545},"end":{"line":11,"column":574}},"13":{"start":{"line":11,"column":576},"end":{"line":11,"column":1086}},"14":{"start":{"line":11,"column":663},"end":{"line":11,"column":709}},"15":{"start":{"line":11,"column":716},"end":{"line":11,"column":723}},"16":{"start":{"line":11,"column":726},"end":{"line":11,"column":747}},"17":{"start":{"line":11,"column":748},"end":{"line":11,"column":806}},"18":{"start":{"line":11,"column":812},"end":{"line":11,"column":827}},"19":{"start":{"line":11,"column":828},"end":{"line":11,"column":1084}},"20":{"start":{"line":11,"column":1092},"end":{"line":11,"column":1102}},"21":{"start":{"line":11,"column":1103},"end":{"line":11,"column":1261}},"22":{"start":{"line":11,"column":1174},"end":{"line":11,"column":1198}},"23":{"start":{"line":11,"column":1311},"end":{"line":11,"column":1479}},"24":{"start":{"line":11,"column":1345},"end":{"line":11,"column":1352}},"25":{"start":{"line":11,"column":1355},"end":{"line":11,"column":1374}},"26":{"start":{"line":11,"column":1377},"end":{"line":11,"column":1398}},"27":{"start":{"line":11,"column":1399},"end":{"line":11,"column":1477}},"28":{"start":{"line":11,"column":1486},"end":{"line":11,"column":1576}},"29":{"start":{"line":11,"column":1500},"end":{"line":11,"column":1575}},"30":{"start":{"line":11,"column":1577},"end":{"line":11,"column":2598}},"31":{"start":{"line":11,"column":1672},"end":{"line":11,"column":1682}},"32":{"start":{"line":11,"column":1685},"end":{"line":11,"column":1698}},"33":{"start":{"line":11,"column":1701},"end":{"line":11,"column":1727}},"34":{"start":{"line":11,"column":1730},"end":{"line":11,"column":1738}},"35":{"start":{"line":11,"column":1739},"end":{"line":11,"column":2022}},"36":{"start":{"line":11,"column":1825},"end":{"line":11,"column":2012}},"37":{"start":{"line":11,"column":2060},"end":{"line":11,"column":2062}},"38":{"start":{"line":11,"column":2065},"end":{"line":11,"column":2113}},"39":{"start":{"line":11,"column":2114},"end":{"line":11,"column":2596}},"40":{"start":{"line":11,"column":2133},"end":{"line":11,"column":2160}},"41":{"start":{"line":11,"column":2161},"end":{"line":11,"column":2486}},"42":{"start":{"line":11,"column":2492},"end":{"line":11,"column":2596}},"43":{"start":{"line":11,"column":2604},"end":{"line":11,"column":2615}},"44":{"start":{"line":11,"column":2616},"end":{"line":11,"column":3210}},"45":{"start":{"line":11,"column":2690},"end":{"line":11,"column":2715}},"46":{"start":{"line":11,"column":2803},"end":{"line":11,"column":2830}},"47":{"start":{"line":11,"column":2831},"end":{"line":11,"column":3037}},"48":{"start":{"line":11,"column":3132},"end":{"line":11,"column":3208}},"49":{"start":{"line":11,"column":3260},"end":{"line":11,"column":3522}},"50":{"start":{"line":11,"column":3294},"end":{"line":11,"column":3301}},"51":{"start":{"line":11,"column":3304},"end":{"line":11,"column":3325}},"52":{"start":{"line":11,"column":3328},"end":{"line":11,"column":3382}},"53":{"start":{"line":11,"column":3385},"end":{"line":11,"column":3413}},"54":{"start":{"line":11,"column":3414},"end":{"line":11,"column":3520}},"55":{"start":{"line":11,"column":3529},"end":{"line":11,"column":4013}},"56":{"start":{"line":11,"column":3543},"end":{"line":11,"column":4012}},"57":{"start":{"line":11,"column":4014},"end":{"line":11,"column":6612}},"58":{"start":{"line":11,"column":4150},"end":{"line":11,"column":4298}},"59":{"start":{"line":11,"column":4196},"end":{"line":11,"column":4279}},"60":{"start":{"line":11,"column":4220},"end":{"line":11,"column":4232}},"61":{"start":{"line":11,"column":4232},"end":{"line":11,"column":4238}},"62":{"start":{"line":11,"column":4246},"end":{"line":11,"column":4258}},"63":{"start":{"line":11,"column":4258},"end":{"line":11,"column":4264}},"64":{"start":{"line":11,"column":4272},"end":{"line":11,"column":4278}},"65":{"start":{"line":11,"column":4279},"end":{"line":11,"column":4297}},"66":{"start":{"line":11,"column":4330},"end":{"line":11,"column":4517}},"67":{"start":{"line":11,"column":4556},"end":{"line":11,"column":4638}},"68":{"start":{"line":11,"column":4692},"end":{"line":11,"column":4712}},"69":{"start":{"line":11,"column":4715},"end":{"line":11,"column":4767}},"70":{"start":{"line":11,"column":4768},"end":{"line":11,"column":4802}},"71":{"start":{"line":11,"column":4793},"end":{"line":11,"column":4802}},"72":{"start":{"line":11,"column":4808},"end":{"line":11,"column":4822}},"73":{"start":{"line":11,"column":4825},"end":{"line":11,"column":4849}},"74":{"start":{"line":11,"column":4850},"end":{"line":11,"column":4874}},"75":{"start":{"line":11,"column":4909},"end":{"line":11,"column":4913}},"76":{"start":{"line":11,"column":4916},"end":{"line":11,"column":4982}},"77":{"start":{"line":11,"column":4983},"end":{"line":11,"column":5169}},"78":{"start":{"line":11,"column":5086},"end":{"line":11,"column":5093}},"79":{"start":{"line":11,"column":5201},"end":{"line":11,"column":5405}},"80":{"start":{"line":11,"column":5435},"end":{"line":11,"column":5480}},"81":{"start":{"line":11,"column":5510},"end":{"line":11,"column":5555}},"82":{"start":{"line":11,"column":5595},"end":{"line":11,"column":5629}},"83":{"start":{"line":11,"column":5632},"end":{"line":11,"column":5664}},"84":{"start":{"line":11,"column":5667},"end":{"line":11,"column":5680}},"85":{"start":{"line":11,"column":5683},"end":{"line":11,"column":5707}},"86":{"start":{"line":11,"column":5710},"end":{"line":11,"column":5714}},"87":{"start":{"line":11,"column":5715},"end":{"line":11,"column":5762}},"88":{"start":{"line":11,"column":5739},"end":{"line":11,"column":5762}},"89":{"start":{"line":11,"column":5768},"end":{"line":11,"column":5772}},"90":{"start":{"line":11,"column":5775},"end":{"line":11,"column":5833}},"91":{"start":{"line":11,"column":5834},"end":{"line":11,"column":6610}},"92":{"start":{"line":11,"column":5887},"end":{"line":11,"column":6085}},"93":{"start":{"line":11,"column":5947},"end":{"line":11,"column":6002}},"94":{"start":{"line":11,"column":6008},"end":{"line":11,"column":6060}},"95":{"start":{"line":11,"column":6061},"end":{"line":11,"column":6084}},"96":{"start":{"line":11,"column":6091},"end":{"line":11,"column":6148}},"97":{"start":{"line":11,"column":6149},"end":{"line":11,"column":6609}},"98":{"start":{"line":11,"column":6305},"end":{"line":11,"column":6453}},"99":{"start":{"line":11,"column":6428},"end":{"line":11,"column":6449}},"100":{"start":{"line":11,"column":6618},"end":{"line":11,"column":6631}},"101":{"start":{"line":11,"column":6632},"end":{"line":11,"column":6741}},"102":{"start":{"line":11,"column":6712},"end":{"line":11,"column":6739}},"103":{"start":{"line":11,"column":6747},"end":{"line":11,"column":7026}},"104":{"start":{"line":11,"column":6767},"end":{"line":11,"column":6774}},"105":{"start":{"line":11,"column":6777},"end":{"line":11,"column":6853}},"106":{"start":{"line":11,"column":6854},"end":{"line":11,"column":7025}},"107":{"start":{"line":11,"column":6887},"end":{"line":11,"column":6917}},"108":{"start":{"line":11,"column":6920},"end":{"line":11,"column":6943}},"109":{"start":{"line":11,"column":6944},"end":{"line":11,"column":7024}},"110":{"start":{"line":11,"column":7027},"end":{"line":11,"column":7253}},"111":{"start":{"line":11,"column":7173},"end":{"line":11,"column":7251}},"112":{"start":{"line":11,"column":7223},"end":{"line":11,"column":7230}},"113":{"start":{"line":11,"column":7231},"end":{"line":11,"column":7249}},"114":{"start":{"line":11,"column":7309},"end":{"line":11,"column":7330}},"115":{"start":{"line":11,"column":7331},"end":{"line":11,"column":7410}},"116":{"start":{"line":11,"column":7416},"end":{"line":11,"column":7423}},"117":{"start":{"line":11,"column":7424},"end":{"line":11,"column":7455}},"118":{"start":{"line":11,"column":7470},"end":{"line":11,"column":7845}},"119":{"start":{"line":11,"column":7528},"end":{"line":11,"column":7535}},"120":{"start":{"line":11,"column":7538},"end":{"line":11,"column":7542}},"121":{"start":{"line":11,"column":7545},"end":{"line":11,"column":7565}},"122":{"start":{"line":11,"column":7566},"end":{"line":11,"column":7842}},"123":{"start":{"line":11,"column":7860},"end":{"line":11,"column":7999}},"124":{"start":{"line":11,"column":7894},"end":{"line":11,"column":7901}},"125":{"start":{"line":11,"column":7904},"end":{"line":11,"column":7925}},"126":{"start":{"line":11,"column":7926},"end":{"line":11,"column":7997}},"127":{"start":{"line":11,"column":8006},"end":{"line":11,"column":8026}},"128":{"start":{"line":11,"column":8029},"end":{"line":11,"column":8055}},"129":{"start":{"line":11,"column":8058},"end":{"line":11,"column":8111}},"130":{"start":{"line":11,"column":8070},"end":{"line":11,"column":8110}},"131":{"start":{"line":11,"column":8112},"end":{"line":11,"column":9175}},"132":{"start":{"line":11,"column":8167},"end":{"line":11,"column":8174}},"133":{"start":{"line":11,"column":8175},"end":{"line":11,"column":8649}},"134":{"start":{"line":11,"column":8215},"end":{"line":11,"column":8219}},"135":{"start":{"line":11,"column":8222},"end":{"line":11,"column":8240}},"136":{"start":{"line":11,"column":8241},"end":{"line":11,"column":8640}},"137":{"start":{"line":11,"column":8252},"end":{"line":11,"column":8427}},"138":{"start":{"line":11,"column":8433},"end":{"line":11,"column":8453}},"139":{"start":{"line":11,"column":8454},"end":{"line":11,"column":8530}},"140":{"start":{"line":11,"column":8523},"end":{"line":11,"column":8530}},"141":{"start":{"line":11,"column":8530},"end":{"line":11,"column":8639}},"142":{"start":{"line":11,"column":8640},"end":{"line":11,"column":8648}},"143":{"start":{"line":11,"column":8683},"end":{"line":11,"column":9173}},"144":{"start":{"line":11,"column":8766},"end":{"line":11,"column":8773}},"145":{"start":{"line":11,"column":8774},"end":{"line":11,"column":9172}},"146":{"start":{"line":11,"column":8853},"end":{"line":11,"column":8857}},"147":{"start":{"line":11,"column":8860},"end":{"line":11,"column":8878}},"148":{"start":{"line":11,"column":8879},"end":{"line":11,"column":8980}},"149":{"start":{"line":11,"column":8914},"end":{"line":11,"column":8980}},"150":{"start":{"line":11,"column":8986},"end":{"line":11,"column":9016}},"151":{"start":{"line":11,"column":9019},"end":{"line":11,"column":9045}},"152":{"start":{"line":11,"column":9046},"end":{"line":11,"column":9171}},"153":{"start":{"line":11,"column":9065},"end":{"line":11,"column":9082}},"154":{"start":{"line":11,"column":9083},"end":{"line":11,"column":9170}},"155":{"start":{"line":11,"column":9181},"end":{"line":11,"column":9194}},"156":{"start":{"line":11,"column":9195},"end":{"line":11,"column":9616}},"157":{"start":{"line":11,"column":9275},"end":{"line":11,"column":9302}},"158":{"start":{"line":11,"column":9412},"end":{"line":11,"column":9431}},"159":{"start":{"line":11,"column":9668},"end":{"line":11,"column":9872}},"160":{"start":{"line":11,"column":9702},"end":{"line":11,"column":9709}},"161":{"start":{"line":11,"column":9712},"end":{"line":11,"column":9730}},"162":{"start":{"line":11,"column":9733},"end":{"line":11,"column":9787}},"163":{"start":{"line":11,"column":9788},"end":{"line":11,"column":9870}},"164":{"start":{"line":11,"column":9879},"end":{"line":11,"column":10269}},"165":{"start":{"line":11,"column":9893},"end":{"line":11,"column":10268}},"166":{"start":{"line":11,"column":10220},"end":{"line":11,"column":10260}},"167":{"start":{"line":11,"column":10270},"end":{"line":11,"column":15069}},"168":{"start":{"line":11,"column":10425},"end":{"line":11,"column":10469}},"169":{"start":{"line":11,"column":10506},"end":{"line":11,"column":10510}},"170":{"start":{"line":11,"column":10513},"end":{"line":11,"column":10555}},"171":{"start":{"line":11,"column":10556},"end":{"line":11,"column":11480}},"172":{"start":{"line":11,"column":10888},"end":{"line":11,"column":10998}},"173":{"start":{"line":11,"column":10942},"end":{"line":11,"column":10996}},"174":{"start":{"line":11,"column":11032},"end":{"line":11,"column":11081}},"175":{"start":{"line":11,"column":11082},"end":{"line":11,"column":11259}},"176":{"start":{"line":11,"column":11265},"end":{"line":11,"column":11308}},"177":{"start":{"line":11,"column":11309},"end":{"line":11,"column":11477}},"178":{"start":{"line":11,"column":11354},"end":{"line":11,"column":11392}},"179":{"start":{"line":11,"column":11511},"end":{"line":11,"column":12026}},"180":{"start":{"line":11,"column":12064},"end":{"line":11,"column":12266}},"181":{"start":{"line":11,"column":12142},"end":{"line":11,"column":12258}},"182":{"start":{"line":11,"column":12298},"end":{"line":11,"column":12490}},"183":{"start":{"line":11,"column":12398},"end":{"line":11,"column":12422}},"184":{"start":{"line":11,"column":12522},"end":{"line":11,"column":12631}},"185":{"start":{"line":11,"column":12672},"end":{"line":11,"column":12676}},"186":{"start":{"line":11,"column":12677},"end":{"line":11,"column":12836}},"187":{"start":{"line":11,"column":12723},"end":{"line":11,"column":12834}},"188":{"start":{"line":11,"column":12876},"end":{"line":11,"column":12935}},"189":{"start":{"line":11,"column":12976},"end":{"line":11,"column":12980}},"190":{"start":{"line":11,"column":12983},"end":{"line":11,"column":13023}},"191":{"start":{"line":11,"column":13024},"end":{"line":11,"column":13886}},"192":{"start":{"line":11,"column":13070},"end":{"line":11,"column":13093}},"193":{"start":{"line":11,"column":13094},"end":{"line":11,"column":13510}},"194":{"start":{"line":11,"column":13258},"end":{"line":11,"column":13428}},"195":{"start":{"line":11,"column":13503},"end":{"line":11,"column":13510}},"196":{"start":{"line":11,"column":13510},"end":{"line":11,"column":13608}},"197":{"start":{"line":11,"column":13614},"end":{"line":11,"column":13886}},"198":{"start":{"line":11,"column":13648},"end":{"line":11,"column":13681}},"199":{"start":{"line":11,"column":13687},"end":{"line":11,"column":13724}},"200":{"start":{"line":11,"column":13698},"end":{"line":11,"column":13723}},"201":{"start":{"line":11,"column":13725},"end":{"line":11,"column":13874}},"202":{"start":{"line":11,"column":13880},"end":{"line":11,"column":13886}},"203":{"start":{"line":11,"column":13924},"end":{"line":11,"column":13943}},"204":{"start":{"line":11,"column":13987},"end":{"line":11,"column":14054}},"205":{"start":{"line":11,"column":14055},"end":{"line":11,"column":14200}},"206":{"start":{"line":11,"column":14242},"end":{"line":11,"column":14293}},"207":{"start":{"line":11,"column":14339},"end":{"line":11,"column":14356}},"208":{"start":{"line":11,"column":14357},"end":{"line":11,"column":14446}},"209":{"start":{"line":11,"column":14370},"end":{"line":11,"column":14418}},"210":{"start":{"line":11,"column":14419},"end":{"line":11,"column":14445}},"211":{"start":{"line":11,"column":14446},"end":{"line":11,"column":14540}},"212":{"start":{"line":11,"column":14584},"end":{"line":11,"column":14631}},"213":{"start":{"line":11,"column":14632},"end":{"line":11,"column":14767}},"214":{"start":{"line":11,"column":14807},"end":{"line":11,"column":14859}},"215":{"start":{"line":11,"column":14907},"end":{"line":11,"column":14936}},"216":{"start":{"line":11,"column":14937},"end":{"line":11,"column":14996}},"217":{"start":{"line":11,"column":15002},"end":{"line":11,"column":15029}},"218":{"start":{"line":11,"column":15030},"end":{"line":11,"column":15067}},"219":{"start":{"line":11,"column":15075},"end":{"line":11,"column":15085}},"220":{"start":{"line":11,"column":15086},"end":{"line":11,"column":15618}},"221":{"start":{"line":11,"column":15157},"end":{"line":11,"column":15181}},"222":{"start":{"line":11,"column":15266},"end":{"line":11,"column":15273}},"223":{"start":{"line":11,"column":15276},"end":{"line":11,"column":15290}},"224":{"start":{"line":11,"column":15293},"end":{"line":11,"column":15352}},"225":{"start":{"line":11,"column":15355},"end":{"line":11,"column":15435}},"226":{"start":{"line":11,"column":15436},"end":{"line":11,"column":15616}},"227":{"start":{"line":11,"column":15500},"end":{"line":11,"column":15597}},"228":{"start":{"line":11,"column":15559},"end":{"line":11,"column":15595}},"229":{"start":{"line":11,"column":15668},"end":{"line":11,"column":15855}},"230":{"start":{"line":11,"column":15702},"end":{"line":11,"column":15709}},"231":{"start":{"line":11,"column":15712},"end":{"line":11,"column":15732}},"232":{"start":{"line":11,"column":15735},"end":{"line":11,"column":15756}},"233":{"start":{"line":11,"column":15757},"end":{"line":11,"column":15853}},"234":{"start":{"line":11,"column":15862},"end":{"line":11,"column":16028}},"235":{"start":{"line":11,"column":15876},"end":{"line":11,"column":16027}},"236":{"start":{"line":11,"column":16029},"end":{"line":11,"column":24448}},"237":{"start":{"line":11,"column":16377},"end":{"line":11,"column":16869}},"238":{"start":{"line":11,"column":16751},"end":{"line":11,"column":16869}},"239":{"start":{"line":11,"column":16869},"end":{"line":11,"column":17299}},"240":{"start":{"line":11,"column":16879},"end":{"line":11,"column":16910}},"241":{"start":{"line":11,"column":16913},"end":{"line":11,"column":16921}},"242":{"start":{"line":11,"column":16934},"end":{"line":11,"column":16938}},"243":{"start":{"line":11,"column":16939},"end":{"line":11,"column":17298}},"244":{"start":{"line":11,"column":16953},"end":{"line":11,"column":17038}},"245":{"start":{"line":11,"column":17043},"end":{"line":11,"column":17298}},"246":{"start":{"line":11,"column":17065},"end":{"line":11,"column":17098}},"247":{"start":{"line":11,"column":17101},"end":{"line":11,"column":17135}},"248":{"start":{"line":11,"column":17136},"end":{"line":11,"column":17297}},"249":{"start":{"line":11,"column":17299},"end":{"line":11,"column":17407}},"250":{"start":{"line":11,"column":17444},"end":{"line":11,"column":17461}},"251":{"start":{"line":11,"column":17498},"end":{"line":11,"column":17636}},"252":{"start":{"line":11,"column":17686},"end":{"line":11,"column":17688}},"253":{"start":{"line":11,"column":17691},"end":{"line":11,"column":17709}},"254":{"start":{"line":11,"column":17710},"end":{"line":11,"column":17788}},"255":{"start":{"line":11,"column":17767},"end":{"line":11,"column":17784}},"256":{"start":{"line":11,"column":17826},"end":{"line":11,"column":17898}},"257":{"start":{"line":11,"column":17899},"end":{"line":11,"column":18339}},"258":{"start":{"line":11,"column":18277},"end":{"line":11,"column":18305}},"259":{"start":{"line":11,"column":18378},"end":{"line":11,"column":18432}},"260":{"start":{"line":11,"column":18404},"end":{"line":11,"column":18432}},"261":{"start":{"line":11,"column":18423},"end":{"line":11,"column":18432}},"262":{"start":{"line":11,"column":18432},"end":{"line":11,"column":18440}},"263":{"start":{"line":11,"column":18478},"end":{"line":11,"column":18550}},"264":{"start":{"line":11,"column":18551},"end":{"line":11,"column":18952}},"265":{"start":{"line":11,"column":18889},"end":{"line":11,"column":18918}},"266":{"start":{"line":11,"column":18988},"end":{"line":11,"column":19017}},"267":{"start":{"line":11,"column":19018},"end":{"line":11,"column":20365}},"268":{"start":{"line":11,"column":19054},"end":{"line":11,"column":19079}},"269":{"start":{"line":11,"column":19085},"end":{"line":11,"column":19160}},"270":{"start":{"line":11,"column":19161},"end":{"line":11,"column":19198}},"271":{"start":{"line":11,"column":19191},"end":{"line":11,"column":19198}},"272":{"start":{"line":11,"column":19204},"end":{"line":11,"column":19208}},"273":{"start":{"line":11,"column":19211},"end":{"line":11,"column":19221}},"274":{"start":{"line":11,"column":19224},"end":{"line":11,"column":19246}},"275":{"start":{"line":11,"column":19247},"end":{"line":11,"column":19364}},"276":{"start":{"line":11,"column":19370},"end":{"line":11,"column":19490}},"277":{"start":{"line":11,"column":19493},"end":{"line":11,"column":19507}},"278":{"start":{"line":11,"column":19510},"end":{"line":11,"column":19519}},"279":{"start":{"line":11,"column":19520},"end":{"line":11,"column":19771}},"280":{"start":{"line":11,"column":19777},"end":{"line":11,"column":19795}},"281":{"start":{"line":11,"column":19798},"end":{"line":11,"column":19814}},"282":{"start":{"line":11,"column":19817},"end":{"line":11,"column":19834}},"283":{"start":{"line":11,"column":19835},"end":{"line":11,"column":20061}},"284":{"start":{"line":11,"column":19847},"end":{"line":11,"column":19848}},"285":{"start":{"line":11,"column":19851},"end":{"line":11,"column":19883}},"286":{"start":{"line":11,"column":19884},"end":{"line":11,"column":20060}},"287":{"start":{"line":11,"column":20067},"end":{"line":11,"column":20100}},"288":{"start":{"line":11,"column":20101},"end":{"line":11,"column":20126}},"289":{"start":{"line":11,"column":20132},"end":{"line":11,"column":20240}},"290":{"start":{"line":11,"column":20149},"end":{"line":11,"column":20161}},"291":{"start":{"line":11,"column":20162},"end":{"line":11,"column":20239}},"292":{"start":{"line":11,"column":20241},"end":{"line":11,"column":20364}},"293":{"start":{"line":11,"column":20414},"end":{"line":11,"column":20424}},"294":{"start":{"line":11,"column":20427},"end":{"line":11,"column":20443}},"295":{"start":{"line":11,"column":20446},"end":{"line":11,"column":20463}},"296":{"start":{"line":11,"column":20466},"end":{"line":11,"column":20498}},"297":{"start":{"line":11,"column":20501},"end":{"line":11,"column":20534}},"298":{"start":{"line":11,"column":20535},"end":{"line":11,"column":20718}},"299":{"start":{"line":11,"column":20638},"end":{"line":11,"column":20692}},"300":{"start":{"line":11,"column":20724},"end":{"line":11,"column":20740}},"301":{"start":{"line":11,"column":20743},"end":{"line":11,"column":20760}},"302":{"start":{"line":11,"column":20761},"end":{"line":11,"column":20795}},"303":{"start":{"line":11,"column":20801},"end":{"line":11,"column":20839}},"304":{"start":{"line":11,"column":20840},"end":{"line":11,"column":20875}},"305":{"start":{"line":11,"column":20881},"end":{"line":11,"column":20901}},"306":{"start":{"line":11,"column":20904},"end":{"line":11,"column":20930}},"307":{"start":{"line":11,"column":20933},"end":{"line":11,"column":20963}},"308":{"start":{"line":11,"column":20964},"end":{"line":11,"column":21006}},"309":{"start":{"line":11,"column":21049},"end":{"line":11,"column":21119}},"310":{"start":{"line":11,"column":21161},"end":{"line":11,"column":21171}},"311":{"start":{"line":11,"column":21174},"end":{"line":11,"column":21189}},"312":{"start":{"line":11,"column":21190},"end":{"line":11,"column":21297}},"313":{"start":{"line":11,"column":21341},"end":{"line":11,"column":21461}},"314":{"start":{"line":11,"column":21468},"end":{"line":11,"column":21472}},"315":{"start":{"line":11,"column":21475},"end":{"line":11,"column":21487}},"316":{"start":{"line":11,"column":21490},"end":{"line":11,"column":21519}},"317":{"start":{"line":11,"column":21520},"end":{"line":11,"column":21745}},"318":{"start":{"line":11,"column":21785},"end":{"line":11,"column":21798}},"319":{"start":{"line":11,"column":21799},"end":{"line":11,"column":21932}},"320":{"start":{"line":11,"column":21968},"end":{"line":11,"column":21990}},"321":{"start":{"line":11,"column":22028},"end":{"line":11,"column":22047}},"322":{"start":{"line":11,"column":22053},"end":{"line":11,"column":22057}},"323":{"start":{"line":11,"column":22060},"end":{"line":11,"column":22077}},"324":{"start":{"line":11,"column":22080},"end":{"line":11,"column":22105}},"325":{"start":{"line":11,"column":22106},"end":{"line":11,"column":22185}},"326":{"start":{"line":11,"column":22191},"end":{"line":11,"column":22240}},"327":{"start":{"line":11,"column":22243},"end":{"line":11,"column":22277}},"328":{"start":{"line":11,"column":22280},"end":{"line":11,"column":22364}},"329":{"start":{"line":11,"column":22367},"end":{"line":11,"column":22425}},"330":{"start":{"line":11,"column":22426},"end":{"line":11,"column":22453}},"331":{"start":{"line":11,"column":22505},"end":{"line":11,"column":22716}},"332":{"start":{"line":11,"column":22779},"end":{"line":11,"column":22793}},"333":{"start":{"line":11,"column":22794},"end":{"line":11,"column":22822}},"334":{"start":{"line":11,"column":22813},"end":{"line":11,"column":22822}},"335":{"start":{"line":11,"column":22828},"end":{"line":11,"column":22883}},"336":{"start":{"line":11,"column":22886},"end":{"line":11,"column":22918}},"337":{"start":{"line":11,"column":22919},"end":{"line":11,"column":23148}},"338":{"start":{"line":11,"column":22950},"end":{"line":11,"column":22966}},"339":{"start":{"line":11,"column":22969},"end":{"line":11,"column":22987}},"340":{"start":{"line":11,"column":22988},"end":{"line":11,"column":23052}},"341":{"start":{"line":11,"column":23064},"end":{"line":11,"column":23072}},"342":{"start":{"line":11,"column":23075},"end":{"line":11,"column":23085}},"343":{"start":{"line":11,"column":23086},"end":{"line":11,"column":23147}},"344":{"start":{"line":11,"column":23148},"end":{"line":11,"column":23156}},"345":{"start":{"line":11,"column":23198},"end":{"line":11,"column":23211}},"346":{"start":{"line":11,"column":23214},"end":{"line":11,"column":23226}},"347":{"start":{"line":11,"column":23227},"end":{"line":11,"column":23322}},"348":{"start":{"line":11,"column":23355},"end":{"line":11,"column":23417}},"349":{"start":{"line":11,"column":23358},"end":{"line":11,"column":23383}},"350":{"start":{"line":11,"column":23417},"end":{"line":11,"column":23425}},"351":{"start":{"line":11,"column":23454},"end":{"line":11,"column":23619}},"352":{"start":{"line":11,"column":23526},"end":{"line":11,"column":23619}},"353":{"start":{"line":11,"column":23619},"end":{"line":11,"column":23635}},"354":{"start":{"line":11,"column":23666},"end":{"line":11,"column":23731}},"355":{"start":{"line":11,"column":23763},"end":{"line":11,"column":23778}},"356":{"start":{"line":11,"column":23811},"end":{"line":11,"column":23826}},"357":{"start":{"line":11,"column":23865},"end":{"line":11,"column":23891}},"358":{"start":{"line":11,"column":23930},"end":{"line":11,"column":23934}},"359":{"start":{"line":11,"column":23935},"end":{"line":11,"column":24218}},"360":{"start":{"line":11,"column":24257},"end":{"line":11,"column":24261}},"361":{"start":{"line":11,"column":24262},"end":{"line":11,"column":24446}},"362":{"start":{"line":11,"column":24310},"end":{"line":11,"column":24444}},"363":{"start":{"line":11,"column":24454},"end":{"line":11,"column":24466}},"364":{"start":{"line":11,"column":24467},"end":{"line":11,"column":24571}},"365":{"start":{"line":11,"column":24544},"end":{"line":11,"column":24570}},"366":{"start":{"line":11,"column":24621},"end":{"line":11,"column":24808}},"367":{"start":{"line":11,"column":24655},"end":{"line":11,"column":24662}},"368":{"start":{"line":11,"column":24665},"end":{"line":11,"column":24685}},"369":{"start":{"line":11,"column":24688},"end":{"line":11,"column":24709}},"370":{"start":{"line":11,"column":24710},"end":{"line":11,"column":24806}},"371":{"start":{"line":11,"column":24815},"end":{"line":11,"column":24854}},"372":{"start":{"line":11,"column":24829},"end":{"line":11,"column":24853}},"373":{"start":{"line":11,"column":24855},"end":{"line":11,"column":24919}},"374":{"start":{"line":11,"column":24872},"end":{"line":11,"column":24919}},"375":{"start":{"line":11,"column":24919},"end":{"line":11,"column":26035}},"376":{"start":{"line":11,"column":25308},"end":{"line":11,"column":25325}},"377":{"start":{"line":11,"column":25367},"end":{"line":11,"column":25377}},"378":{"start":{"line":11,"column":25380},"end":{"line":11,"column":25395}},"379":{"start":{"line":11,"column":25398},"end":{"line":11,"column":25415}},"380":{"start":{"line":11,"column":25416},"end":{"line":11,"column":25705}},"381":{"start":{"line":11,"column":25741},"end":{"line":11,"column":25782}},"382":{"start":{"line":11,"column":25824},"end":{"line":11,"column":25837}},"383":{"start":{"line":11,"column":25840},"end":{"line":11,"column":25852}},"384":{"start":{"line":11,"column":25853},"end":{"line":11,"column":25945}},"385":{"start":{"line":11,"column":25976},"end":{"line":11,"column":26033}},"386":{"start":{"line":11,"column":26041},"end":{"line":11,"column":26053}},"387":{"start":{"line":11,"column":26054},"end":{"line":11,"column":26158}},"388":{"start":{"line":11,"column":26131},"end":{"line":11,"column":26157}},"389":{"start":{"line":11,"column":26208},"end":{"line":11,"column":26331}},"390":{"start":{"line":11,"column":26242},"end":{"line":11,"column":26249}},"391":{"start":{"line":11,"column":26252},"end":{"line":11,"column":26268}},"392":{"start":{"line":11,"column":26269},"end":{"line":11,"column":26329}},"393":{"start":{"line":11,"column":26338},"end":{"line":11,"column":26368}},"394":{"start":{"line":11,"column":26350},"end":{"line":11,"column":26367}},"395":{"start":{"line":11,"column":26369},"end":{"line":11,"column":27697}},"396":{"start":{"line":11,"column":26447},"end":{"line":11,"column":26459}},"397":{"start":{"line":11,"column":26462},"end":{"line":11,"column":26497}},"398":{"start":{"line":11,"column":26500},"end":{"line":11,"column":26516}},"399":{"start":{"line":11,"column":26517},"end":{"line":11,"column":27006}},"400":{"start":{"line":11,"column":26620},"end":{"line":11,"column":26644}},"401":{"start":{"line":11,"column":26647},"end":{"line":11,"column":26690}},"402":{"start":{"line":11,"column":26693},"end":{"line":11,"column":26736}},"403":{"start":{"line":11,"column":26737},"end":{"line":11,"column":27005}},"404":{"start":{"line":11,"column":26822},"end":{"line":11,"column":26826}},"405":{"start":{"line":11,"column":26827},"end":{"line":11,"column":27004}},"406":{"start":{"line":11,"column":26898},"end":{"line":11,"column":27002}},"407":{"start":{"line":11,"column":27058},"end":{"line":11,"column":27476}},"408":{"start":{"line":11,"column":27483},"end":{"line":11,"column":27502}},"409":{"start":{"line":11,"column":27505},"end":{"line":11,"column":27588}},"410":{"start":{"line":11,"column":27589},"end":{"line":11,"column":27695}},"411":{"start":{"line":11,"column":27703},"end":{"line":11,"column":27711}},"412":{"start":{"line":11,"column":27712},"end":{"line":11,"column":27801}},"413":{"start":{"line":11,"column":27777},"end":{"line":11,"column":27799}},"414":{"start":{"line":11,"column":27807},"end":{"line":11,"column":27861}},"415":{"start":{"line":11,"column":27819},"end":{"line":11,"column":27860}},"416":{"start":{"line":11,"column":27862},"end":{"line":11,"column":27978}},"417":{"start":{"line":11,"column":28028},"end":{"line":11,"column":28181}},"418":{"start":{"line":11,"column":28062},"end":{"line":11,"column":28069}},"419":{"start":{"line":11,"column":28072},"end":{"line":11,"column":28090}},"420":{"start":{"line":11,"column":28093},"end":{"line":11,"column":28114}},"421":{"start":{"line":11,"column":28115},"end":{"line":11,"column":28179}},"422":{"start":{"line":11,"column":28188},"end":{"line":11,"column":28514}},"423":{"start":{"line":11,"column":28202},"end":{"line":11,"column":28513}},"424":{"start":{"line":11,"column":28515},"end":{"line":11,"column":30043}},"425":{"start":{"line":11,"column":28653},"end":{"line":11,"column":28677}},"426":{"start":{"line":11,"column":28680},"end":{"line":11,"column":28702}},"427":{"start":{"line":11,"column":28705},"end":{"line":11,"column":28726}},"428":{"start":{"line":11,"column":28727},"end":{"line":11,"column":28779}},"429":{"start":{"line":11,"column":28759},"end":{"line":11,"column":28779}},"430":{"start":{"line":11,"column":28779},"end":{"line":11,"column":28873}},"431":{"start":{"line":11,"column":28805},"end":{"line":11,"column":28873}},"432":{"start":{"line":11,"column":28879},"end":{"line":11,"column":28897}},"433":{"start":{"line":11,"column":28900},"end":{"line":11,"column":28909}},"434":{"start":{"line":11,"column":28912},"end":{"line":11,"column":28917}},"435":{"start":{"line":11,"column":28918},"end":{"line":11,"column":28974}},"436":{"start":{"line":11,"column":29015},"end":{"line":11,"column":29061}},"437":{"start":{"line":11,"column":29036},"end":{"line":11,"column":29061}},"438":{"start":{"line":11,"column":29061},"end":{"line":11,"column":29114}},"439":{"start":{"line":11,"column":29120},"end":{"line":11,"column":29144}},"440":{"start":{"line":11,"column":29147},"end":{"line":11,"column":29169}},"441":{"start":{"line":11,"column":29170},"end":{"line":11,"column":29202}},"442":{"start":{"line":11,"column":29254},"end":{"line":11,"column":29300}},"443":{"start":{"line":11,"column":29339},"end":{"line":11,"column":30041}},"444":{"start":{"line":11,"column":29378},"end":{"line":11,"column":29400}},"445":{"start":{"line":11,"column":29403},"end":{"line":11,"column":29422}},"446":{"start":{"line":11,"column":29425},"end":{"line":11,"column":29430}},"447":{"start":{"line":11,"column":29433},"end":{"line":11,"column":29441}},"448":{"start":{"line":11,"column":29444},"end":{"line":11,"column":29500}},"449":{"start":{"line":11,"column":29501},"end":{"line":11,"column":29626}},"450":{"start":{"line":11,"column":29632},"end":{"line":11,"column":29654}},"451":{"start":{"line":11,"column":29655},"end":{"line":11,"column":29994}},"452":{"start":{"line":11,"column":29675},"end":{"line":11,"column":29721}},"453":{"start":{"line":11,"column":29727},"end":{"line":11,"column":29747}},"454":{"start":{"line":11,"column":29750},"end":{"line":11,"column":29772}},"455":{"start":{"line":11,"column":29773},"end":{"line":11,"column":29831}},"456":{"start":{"line":11,"column":29824},"end":{"line":11,"column":29831}},"457":{"start":{"line":11,"column":29831},"end":{"line":11,"column":29993}},"458":{"start":{"line":11,"column":29994},"end":{"line":11,"column":30040}},"459":{"start":{"line":11,"column":30049},"end":{"line":11,"column":30059}},"460":{"start":{"line":11,"column":30060},"end":{"line":11,"column":30391}},"461":{"start":{"line":11,"column":30131},"end":{"line":11,"column":30155}},"462":{"start":{"line":11,"column":30188},"end":{"line":11,"column":30389}},"463":{"start":{"line":11,"column":30234},"end":{"line":11,"column":30241}},"464":{"start":{"line":11,"column":30244},"end":{"line":11,"column":30252}},"465":{"start":{"line":11,"column":30253},"end":{"line":11,"column":30387}},"466":{"start":{"line":11,"column":30449},"end":{"line":11,"column":30522}},"467":{"start":{"line":11,"column":30523},"end":{"line":11,"column":30534}},"468":{"start":{"line":11,"column":30549},"end":{"line":11,"column":30790}},"469":{"start":{"line":11,"column":30583},"end":{"line":11,"column":30590}},"470":{"start":{"line":11,"column":30593},"end":{"line":11,"column":30614}},"471":{"start":{"line":11,"column":30617},"end":{"line":11,"column":30671}},"472":{"start":{"line":11,"column":30672},"end":{"line":11,"column":30788}},"473":{"start":{"line":11,"column":30797},"end":{"line":11,"column":31149}},"474":{"start":{"line":11,"column":30811},"end":{"line":11,"column":31148}},"475":{"start":{"line":11,"column":31150},"end":{"line":12,"column":1417}},"476":{"start":{"line":11,"column":31256},"end":{"line":11,"column":31287}},"477":{"start":{"line":11,"column":31288},"end":{"line":11,"column":31313}},"478":{"start":{"line":11,"column":31343},"end":{"line":12,"column":254}},"479":{"start":{"line":11,"column":31406},"end":{"line":11,"column":31480}},"480":{"start":{"line":11,"column":31481},"end":{"line":12,"column":253}},"481":{"start":{"line":11,"column":31552},"end":{"line":11,"column":31579}},"482":{"start":{"line":11,"column":31580},"end":{"line":12,"column":252}},"483":{"start":{"line":11,"column":31633},"end":{"line":11,"column":31695}},"484":{"start":{"line":11,"column":31701},"end":{"line":11,"column":31717}},"485":{"start":{"line":11,"column":31718},"end":{"line":11,"column":31895}},"486":{"start":{"line":11,"column":31901},"end":{"line":12,"column":43}},"487":{"start":{"line":11,"column":31912},"end":{"line":12,"column":42}},"488":{"start":{"line":12,"column":44},"end":{"line":12,"column":89}},"489":{"start":{"line":12,"column":69},"end":{"line":12,"column":89}},"490":{"start":{"line":12,"column":95},"end":{"line":12,"column":130}},"491":{"start":{"line":12,"column":131},"end":{"line":12,"column":251}},"492":{"start":{"line":12,"column":284},"end":{"line":12,"column":952}},"493":{"start":{"line":12,"column":344},"end":{"line":12,"column":371}},"494":{"start":{"line":12,"column":372},"end":{"line":12,"column":951}},"495":{"start":{"line":12,"column":431},"end":{"line":12,"column":447}},"496":{"start":{"line":12,"column":448},"end":{"line":12,"column":672}},"497":{"start":{"line":12,"column":678},"end":{"line":12,"column":801}},"498":{"start":{"line":12,"column":689},"end":{"line":12,"column":800}},"499":{"start":{"line":12,"column":802},"end":{"line":12,"column":950}},"500":{"start":{"line":12,"column":984},"end":{"line":12,"column":1034}},"501":{"start":{"line":12,"column":1069},"end":{"line":12,"column":1260}},"502":{"start":{"line":12,"column":1204},"end":{"line":12,"column":1208}},"503":{"start":{"line":12,"column":1209},"end":{"line":12,"column":1246}},"504":{"start":{"line":12,"column":1319},"end":{"line":12,"column":1335}},"505":{"start":{"line":12,"column":1336},"end":{"line":12,"column":1415}},"506":{"start":{"line":12,"column":1423},"end":{"line":12,"column":1436}},"507":{"start":{"line":12,"column":1437},"end":{"line":12,"column":1755}},"508":{"start":{"line":12,"column":1517},"end":{"line":12,"column":1544}},"509":{"start":{"line":12,"column":1635},"end":{"line":12,"column":1642}},"510":{"start":{"line":12,"column":1643},"end":{"line":12,"column":1685}},"511":{"start":{"line":12,"column":1691},"end":{"line":12,"column":1695}},"512":{"start":{"line":12,"column":1698},"end":{"line":12,"column":1719}},"513":{"start":{"line":12,"column":1722},"end":{"line":12,"column":1741}},"514":{"start":{"line":12,"column":1742},"end":{"line":12,"column":1753}},"515":{"start":{"line":12,"column":1807},"end":{"line":12,"column":2161}},"516":{"start":{"line":12,"column":2176},"end":{"line":12,"column":2337}},"517":{"start":{"line":12,"column":2210},"end":{"line":12,"column":2217}},"518":{"start":{"line":12,"column":2220},"end":{"line":12,"column":2242}},"519":{"start":{"line":12,"column":2245},"end":{"line":12,"column":2266}},"520":{"start":{"line":12,"column":2267},"end":{"line":12,"column":2335}},"521":{"start":{"line":12,"column":2338},"end":{"line":12,"column":3908}},"522":{"start":{"line":12,"column":2418},"end":{"line":12,"column":2536}},"523":{"start":{"line":12,"column":2575},"end":{"line":12,"column":2579}},"524":{"start":{"line":12,"column":2582},"end":{"line":12,"column":2590}},"525":{"start":{"line":12,"column":2593},"end":{"line":12,"column":2594}},"526":{"start":{"line":12,"column":2595},"end":{"line":12,"column":3038}},"527":{"start":{"line":12,"column":2805},"end":{"line":12,"column":2812}},"528":{"start":{"line":12,"column":2815},"end":{"line":12,"column":2847}},"529":{"start":{"line":12,"column":2850},"end":{"line":12,"column":2869}},"530":{"start":{"line":12,"column":2870},"end":{"line":12,"column":2932}},"531":{"start":{"line":12,"column":2954},"end":{"line":12,"column":2970}},"532":{"start":{"line":12,"column":2989},"end":{"line":12,"column":3036}},"533":{"start":{"line":12,"column":3079},"end":{"line":12,"column":3130}},"534":{"start":{"line":12,"column":3133},"end":{"line":12,"column":3155}},"535":{"start":{"line":12,"column":3158},"end":{"line":12,"column":3208}},"536":{"start":{"line":12,"column":3211},"end":{"line":12,"column":3223}},"537":{"start":{"line":12,"column":3226},"end":{"line":12,"column":3238}},"538":{"start":{"line":12,"column":3241},"end":{"line":12,"column":3258}},"539":{"start":{"line":12,"column":3259},"end":{"line":12,"column":3350}},"540":{"start":{"line":12,"column":3304},"end":{"line":12,"column":3350}},"541":{"start":{"line":12,"column":3350},"end":{"line":12,"column":3406}},"542":{"start":{"line":12,"column":3363},"end":{"line":12,"column":3406}},"543":{"start":{"line":12,"column":3406},"end":{"line":12,"column":3492}},"544":{"start":{"line":12,"column":3426},"end":{"line":12,"column":3492}},"545":{"start":{"line":12,"column":3527},"end":{"line":12,"column":3560}},"546":{"start":{"line":12,"column":3566},"end":{"line":12,"column":3635}},"547":{"start":{"line":12,"column":3638},"end":{"line":12,"column":3675}},"548":{"start":{"line":12,"column":3676},"end":{"line":12,"column":3793}},"549":{"start":{"line":12,"column":3824},"end":{"line":12,"column":3906}},"550":{"start":{"line":12,"column":3914},"end":{"line":12,"column":3928}},"551":{"start":{"line":12,"column":3929},"end":{"line":12,"column":4172}},"552":{"start":{"line":12,"column":4012},"end":{"line":12,"column":4040}},"553":{"start":{"line":12,"column":4095},"end":{"line":12,"column":4170}},"554":{"start":{"line":12,"column":4142},"end":{"line":12,"column":4149}},"555":{"start":{"line":12,"column":4150},"end":{"line":12,"column":4168}},"556":{"start":{"line":12,"column":4227},"end":{"line":12,"column":4262}},"557":{"start":{"line":12,"column":4265},"end":{"line":12,"column":4406}},"558":{"start":{"line":12,"column":4407},"end":{"line":12,"column":4462}},"559":{"start":{"line":12,"column":4422},"end":{"line":12,"column":4462}},"560":{"start":{"line":12,"column":4445},"end":{"line":12,"column":4462}},"561":{"start":{"line":12,"column":4462},"end":{"line":12,"column":4470}},"562":{"start":{"line":12,"column":4471},"end":{"line":12,"column":4928}},"563":{"start":{"line":12,"column":4515},"end":{"line":12,"column":4517}},"564":{"start":{"line":12,"column":4520},"end":{"line":12,"column":4524}},"565":{"start":{"line":12,"column":4525},"end":{"line":12,"column":4573}},"566":{"start":{"line":12,"column":4566},"end":{"line":12,"column":4570}},"567":{"start":{"line":12,"column":4579},"end":{"line":12,"column":4632}},"568":{"start":{"line":12,"column":4590},"end":{"line":12,"column":4631}},"569":{"start":{"line":12,"column":4633},"end":{"line":12,"column":4660}},"570":{"start":{"line":12,"column":4675},"end":{"line":12,"column":4926}},"571":{"start":{"line":12,"column":4847},"end":{"line":12,"column":4923}}},"fnMap":{"0":{"name":"(anonymous_0)","decl":{"start":{"line":11,"column":89},"end":{"line":11,"column":90}},"loc":{"start":{"line":11,"column":100},"end":{"line":11,"column":317}},"line":11},"1":{"name":"(anonymous_1)","decl":{"start":{"line":11,"column":327},"end":{"line":11,"column":328}},"loc":{"start":{"line":11,"column":338},"end":{"line":11,"column":1262}},"line":11},"2":{"name":"e","decl":{"start":{"line":11,"column":361},"end":{"line":11,"column":362}},"loc":{"start":{"line":11,"column":365},"end":{"line":11,"column":500}},"line":11},"3":{"name":"(anonymous_3)","decl":{"start":{"line":11,"column":383},"end":{"line":11,"column":384}},"loc":{"start":{"line":11,"column":393},"end":{"line":11,"column":498}},"line":11},"4":{"name":"(anonymous_4)","decl":{"start":{"line":11,"column":533},"end":{"line":11,"column":534}},"loc":{"start":{"line":11,"column":544},"end":{"line":11,"column":575}},"line":11},"5":{"name":"(anonymous_5)","decl":{"start":{"line":11,"column":638},"end":{"line":11,"column":639}},"loc":{"start":{"line":11,"column":649},"end":{"line":11,"column":1085}},"line":11},"6":{"name":"i","decl":{"start":{"line":11,"column":659},"end":{"line":11,"column":660}},"loc":{"start":{"line":11,"column":662},"end":{"line":11,"column":710}},"line":11},"7":{"name":"(anonymous_7)","decl":{"start":{"line":11,"column":1163},"end":{"line":11,"column":1164}},"loc":{"start":{"line":11,"column":1173},"end":{"line":11,"column":1199}},"line":11},"8":{"name":"(anonymous_8)","decl":{"start":{"line":11,"column":1272},"end":{"line":11,"column":1273}},"loc":{"start":{"line":11,"column":1283},"end":{"line":11,"column":3211}},"line":11},"9":{"name":"e","decl":{"start":{"line":11,"column":1306},"end":{"line":11,"column":1307}},"loc":{"start":{"line":11,"column":1310},"end":{"line":11,"column":1480}},"line":11},"10":{"name":"(anonymous_10)","decl":{"start":{"line":11,"column":1328},"end":{"line":11,"column":1329}},"loc":{"start":{"line":11,"column":1338},"end":{"line":11,"column":1478}},"line":11},"11":{"name":"(anonymous_11)","decl":{"start":{"line":11,"column":1486},"end":{"line":11,"column":1487}},"loc":{"start":{"line":11,"column":1499},"end":{"line":11,"column":1576}},"line":11},"12":{"name":"(anonymous_12)","decl":{"start":{"line":11,"column":1654},"end":{"line":11,"column":1655}},"loc":{"start":{"line":11,"column":1665},"end":{"line":11,"column":2023}},"line":11},"13":{"name":"(anonymous_13)","decl":{"start":{"line":11,"column":1814},"end":{"line":11,"column":1815}},"loc":{"start":{"line":11,"column":1824},"end":{"line":11,"column":2013}},"line":11},"14":{"name":"(anonymous_14)","decl":{"start":{"line":11,"column":2043},"end":{"line":11,"column":2044}},"loc":{"start":{"line":11,"column":2053},"end":{"line":11,"column":2597}},"line":11},"15":{"name":"(anonymous_15)","decl":{"start":{"line":11,"column":2679},"end":{"line":11,"column":2680}},"loc":{"start":{"line":11,"column":2689},"end":{"line":11,"column":2716}},"line":11},"16":{"name":"(anonymous_16)","decl":{"start":{"line":11,"column":2785},"end":{"line":11,"column":2786}},"loc":{"start":{"line":11,"column":2796},"end":{"line":11,"column":3038}},"line":11},"17":{"name":"(anonymous_17)","decl":{"start":{"line":11,"column":3120},"end":{"line":11,"column":3121}},"loc":{"start":{"line":11,"column":3131},"end":{"line":11,"column":3209}},"line":11},"18":{"name":"(anonymous_18)","decl":{"start":{"line":11,"column":3221},"end":{"line":11,"column":3222}},"loc":{"start":{"line":11,"column":3232},"end":{"line":11,"column":7254}},"line":11},"19":{"name":"e","decl":{"start":{"line":11,"column":3255},"end":{"line":11,"column":3256}},"loc":{"start":{"line":11,"column":3259},"end":{"line":11,"column":3523}},"line":11},"20":{"name":"(anonymous_20)","decl":{"start":{"line":11,"column":3277},"end":{"line":11,"column":3278}},"loc":{"start":{"line":11,"column":3287},"end":{"line":11,"column":3521}},"line":11},"21":{"name":"(anonymous_21)","decl":{"start":{"line":11,"column":3529},"end":{"line":11,"column":3530}},"loc":{"start":{"line":11,"column":3542},"end":{"line":11,"column":4013}},"line":11},"22":{"name":"(anonymous_22)","decl":{"start":{"line":11,"column":4138},"end":{"line":11,"column":4139}},"loc":{"start":{"line":11,"column":4149},"end":{"line":11,"column":4299}},"line":11},"23":{"name":"(anonymous_23)","decl":{"start":{"line":11,"column":4318},"end":{"line":11,"column":4319}},"loc":{"start":{"line":11,"column":4329},"end":{"line":11,"column":4518}},"line":11},"24":{"name":"(anonymous_24)","decl":{"start":{"line":11,"column":4544},"end":{"line":11,"column":4545}},"loc":{"start":{"line":11,"column":4555},"end":{"line":11,"column":4639}},"line":11},"25":{"name":"(anonymous_25)","decl":{"start":{"line":11,"column":4672},"end":{"line":11,"column":4673}},"loc":{"start":{"line":11,"column":4685},"end":{"line":11,"column":4875}},"line":11},"26":{"name":"(anonymous_26)","decl":{"start":{"line":11,"column":4891},"end":{"line":11,"column":4892}},"loc":{"start":{"line":11,"column":4902},"end":{"line":11,"column":5170}},"line":11},"27":{"name":"(anonymous_27)","decl":{"start":{"line":11,"column":5075},"end":{"line":11,"column":5076}},"loc":{"start":{"line":11,"column":5085},"end":{"line":11,"column":5094}},"line":11},"28":{"name":"(anonymous_28)","decl":{"start":{"line":11,"column":5189},"end":{"line":11,"column":5190}},"loc":{"start":{"line":11,"column":5200},"end":{"line":11,"column":5406}},"line":11},"29":{"name":"(anonymous_29)","decl":{"start":{"line":11,"column":5424},"end":{"line":11,"column":5425}},"loc":{"start":{"line":11,"column":5434},"end":{"line":11,"column":5481}},"line":11},"30":{"name":"(anonymous_30)","decl":{"start":{"line":11,"column":5499},"end":{"line":11,"column":5500}},"loc":{"start":{"line":11,"column":5509},"end":{"line":11,"column":5556}},"line":11},"31":{"name":"(anonymous_31)","decl":{"start":{"line":11,"column":5575},"end":{"line":11,"column":5576}},"loc":{"start":{"line":11,"column":5588},"end":{"line":11,"column":6611}},"line":11},"32":{"name":"(anonymous_32)","decl":{"start":{"line":11,"column":6294},"end":{"line":11,"column":6295}},"loc":{"start":{"line":11,"column":6304},"end":{"line":11,"column":6454}},"line":11},"33":{"name":"(anonymous_33)","decl":{"start":{"line":11,"column":6417},"end":{"line":11,"column":6418}},"loc":{"start":{"line":11,"column":6427},"end":{"line":11,"column":6450}},"line":11},"34":{"name":"(anonymous_34)","decl":{"start":{"line":11,"column":6701},"end":{"line":11,"column":6702}},"loc":{"start":{"line":11,"column":6711},"end":{"line":11,"column":6740}},"line":11},"35":{"name":"(anonymous_35)","decl":{"start":{"line":11,"column":6747},"end":{"line":11,"column":6748}},"loc":{"start":{"line":11,"column":6758},"end":{"line":11,"column":7026}},"line":11},"36":{"name":"(anonymous_36)","decl":{"start":{"line":11,"column":7162},"end":{"line":11,"column":7163}},"loc":{"start":{"line":11,"column":7172},"end":{"line":11,"column":7252}},"line":11},"37":{"name":"(anonymous_37)","decl":{"start":{"line":11,"column":7206},"end":{"line":11,"column":7207}},"loc":{"start":{"line":11,"column":7216},"end":{"line":11,"column":7250}},"line":11},"38":{"name":"(anonymous_38)","decl":{"start":{"line":11,"column":7264},"end":{"line":11,"column":7265}},"loc":{"start":{"line":11,"column":7275},"end":{"line":11,"column":9617}},"line":11},"39":{"name":"e","decl":{"start":{"line":11,"column":7298},"end":{"line":11,"column":7299}},"loc":{"start":{"line":11,"column":7302},"end":{"line":11,"column":7456}},"line":11},"40":{"name":"i","decl":{"start":{"line":11,"column":7465},"end":{"line":11,"column":7466}},"loc":{"start":{"line":11,"column":7469},"end":{"line":11,"column":7846}},"line":11},"41":{"name":"(anonymous_41)","decl":{"start":{"line":11,"column":7511},"end":{"line":11,"column":7512}},"loc":{"start":{"line":11,"column":7521},"end":{"line":11,"column":7843}},"line":11},"42":{"name":"o","decl":{"start":{"line":11,"column":7855},"end":{"line":11,"column":7856}},"loc":{"start":{"line":11,"column":7859},"end":{"line":11,"column":8000}},"line":11},"43":{"name":"(anonymous_43)","decl":{"start":{"line":11,"column":7877},"end":{"line":11,"column":7878}},"loc":{"start":{"line":11,"column":7887},"end":{"line":11,"column":7998}},"line":11},"44":{"name":"(anonymous_44)","decl":{"start":{"line":11,"column":8058},"end":{"line":11,"column":8059}},"loc":{"start":{"line":11,"column":8069},"end":{"line":11,"column":8111}},"line":11},"45":{"name":"(anonymous_45)","decl":{"start":{"line":11,"column":8149},"end":{"line":11,"column":8150}},"loc":{"start":{"line":11,"column":8160},"end":{"line":11,"column":8650}},"line":11},"46":{"name":"(anonymous_46)","decl":{"start":{"line":11,"column":8671},"end":{"line":11,"column":8672}},"loc":{"start":{"line":11,"column":8682},"end":{"line":11,"column":9174}},"line":11},"47":{"name":"(anonymous_47)","decl":{"start":{"line":11,"column":9264},"end":{"line":11,"column":9265}},"loc":{"start":{"line":11,"column":9274},"end":{"line":11,"column":9303}},"line":11},"48":{"name":"(anonymous_48)","decl":{"start":{"line":11,"column":9400},"end":{"line":11,"column":9401}},"loc":{"start":{"line":11,"column":9411},"end":{"line":11,"column":9432}},"line":11},"49":{"name":"(anonymous_49)","decl":{"start":{"line":11,"column":9627},"end":{"line":11,"column":9628}},"loc":{"start":{"line":11,"column":9638},"end":{"line":11,"column":15619}},"line":11},"50":{"name":"e","decl":{"start":{"line":11,"column":9661},"end":{"line":11,"column":9662}},"loc":{"start":{"line":11,"column":9667},"end":{"line":11,"column":9873}},"line":11},"51":{"name":"(anonymous_51)","decl":{"start":{"line":11,"column":9685},"end":{"line":11,"column":9686}},"loc":{"start":{"line":11,"column":9695},"end":{"line":11,"column":9871}},"line":11},"52":{"name":"(anonymous_52)","decl":{"start":{"line":11,"column":9879},"end":{"line":11,"column":9880}},"loc":{"start":{"line":11,"column":9892},"end":{"line":11,"column":10269}},"line":11},"53":{"name":"(anonymous_53)","decl":{"start":{"line":11,"column":10209},"end":{"line":11,"column":10210}},"loc":{"start":{"line":11,"column":10219},"end":{"line":11,"column":10261}},"line":11},"54":{"name":"(anonymous_54)","decl":{"start":{"line":11,"column":10413},"end":{"line":11,"column":10414}},"loc":{"start":{"line":11,"column":10424},"end":{"line":11,"column":10470}},"line":11},"55":{"name":"(anonymous_55)","decl":{"start":{"line":11,"column":10488},"end":{"line":11,"column":10489}},"loc":{"start":{"line":11,"column":10499},"end":{"line":11,"column":11481}},"line":11},"56":{"name":"(anonymous_56)","decl":{"start":{"line":11,"column":10877},"end":{"line":11,"column":10878}},"loc":{"start":{"line":11,"column":10887},"end":{"line":11,"column":10999}},"line":11},"57":{"name":"(anonymous_57)","decl":{"start":{"line":11,"column":10930},"end":{"line":11,"column":10931}},"loc":{"start":{"line":11,"column":10941},"end":{"line":11,"column":10997}},"line":11},"58":{"name":"(anonymous_58)","decl":{"start":{"line":11,"column":11015},"end":{"line":11,"column":11016}},"loc":{"start":{"line":11,"column":11025},"end":{"line":11,"column":11478}},"line":11},"59":{"name":"(anonymous_59)","decl":{"start":{"line":11,"column":11343},"end":{"line":11,"column":11344}},"loc":{"start":{"line":11,"column":11353},"end":{"line":11,"column":11393}},"line":11},"60":{"name":"(anonymous_60)","decl":{"start":{"line":11,"column":11499},"end":{"line":11,"column":11500}},"loc":{"start":{"line":11,"column":11510},"end":{"line":11,"column":12027}},"line":11},"61":{"name":"(anonymous_61)","decl":{"start":{"line":11,"column":12053},"end":{"line":11,"column":12054}},"loc":{"start":{"line":11,"column":12063},"end":{"line":11,"column":12267}},"line":11},"62":{"name":"(anonymous_62)","decl":{"start":{"line":11,"column":12130},"end":{"line":11,"column":12131}},"loc":{"start":{"line":11,"column":12141},"end":{"line":11,"column":12259}},"line":11},"63":{"name":"(anonymous_63)","decl":{"start":{"line":11,"column":12287},"end":{"line":11,"column":12288}},"loc":{"start":{"line":11,"column":12297},"end":{"line":11,"column":12491}},"line":11},"64":{"name":"(anonymous_64)","decl":{"start":{"line":11,"column":12386},"end":{"line":11,"column":12387}},"loc":{"start":{"line":11,"column":12397},"end":{"line":11,"column":12423}},"line":11},"65":{"name":"(anonymous_65)","decl":{"start":{"line":11,"column":12511},"end":{"line":11,"column":12512}},"loc":{"start":{"line":11,"column":12521},"end":{"line":11,"column":12632}},"line":11},"66":{"name":"(anonymous_66)","decl":{"start":{"line":11,"column":12655},"end":{"line":11,"column":12656}},"loc":{"start":{"line":11,"column":12665},"end":{"line":11,"column":12837}},"line":11},"67":{"name":"(anonymous_67)","decl":{"start":{"line":11,"column":12712},"end":{"line":11,"column":12713}},"loc":{"start":{"line":11,"column":12722},"end":{"line":11,"column":12835}},"line":11},"68":{"name":"(anonymous_68)","decl":{"start":{"line":11,"column":12865},"end":{"line":11,"column":12866}},"loc":{"start":{"line":11,"column":12875},"end":{"line":11,"column":12936}},"line":11},"69":{"name":"(anonymous_69)","decl":{"start":{"line":11,"column":12958},"end":{"line":11,"column":12959}},"loc":{"start":{"line":11,"column":12969},"end":{"line":11,"column":13887}},"line":11},"70":{"name":"(anonymous_70)","decl":{"start":{"line":11,"column":13246},"end":{"line":11,"column":13247}},"loc":{"start":{"line":11,"column":13257},"end":{"line":11,"column":13429}},"line":11},"71":{"name":"(anonymous_71)","decl":{"start":{"line":11,"column":13687},"end":{"line":11,"column":13688}},"loc":{"start":{"line":11,"column":13697},"end":{"line":11,"column":13724}},"line":11},"72":{"name":"(anonymous_72)","decl":{"start":{"line":11,"column":13913},"end":{"line":11,"column":13914}},"loc":{"start":{"line":11,"column":13923},"end":{"line":11,"column":13944}},"line":11},"73":{"name":"(anonymous_73)","decl":{"start":{"line":11,"column":13970},"end":{"line":11,"column":13971}},"loc":{"start":{"line":11,"column":13980},"end":{"line":11,"column":14201}},"line":11},"74":{"name":"(anonymous_74)","decl":{"start":{"line":11,"column":14231},"end":{"line":11,"column":14232}},"loc":{"start":{"line":11,"column":14241},"end":{"line":11,"column":14294}},"line":11},"75":{"name":"(anonymous_75)","decl":{"start":{"line":11,"column":14322},"end":{"line":11,"column":14323}},"loc":{"start":{"line":11,"column":14332},"end":{"line":11,"column":14541}},"line":11},"76":{"name":"(anonymous_76)","decl":{"start":{"line":11,"column":14567},"end":{"line":11,"column":14568}},"loc":{"start":{"line":11,"column":14577},"end":{"line":11,"column":14768}},"line":11},"77":{"name":"(anonymous_77)","decl":{"start":{"line":11,"column":14796},"end":{"line":11,"column":14797}},"loc":{"start":{"line":11,"column":14806},"end":{"line":11,"column":14860}},"line":11},"78":{"name":"(anonymous_78)","decl":{"start":{"line":11,"column":14890},"end":{"line":11,"column":14891}},"loc":{"start":{"line":11,"column":14900},"end":{"line":11,"column":15068}},"line":11},"79":{"name":"(anonymous_79)","decl":{"start":{"line":11,"column":15146},"end":{"line":11,"column":15147}},"loc":{"start":{"line":11,"column":15156},"end":{"line":11,"column":15182}},"line":11},"80":{"name":"(anonymous_80)","decl":{"start":{"line":11,"column":15248},"end":{"line":11,"column":15249}},"loc":{"start":{"line":11,"column":15259},"end":{"line":11,"column":15617}},"line":11},"81":{"name":"(anonymous_81)","decl":{"start":{"line":11,"column":15488},"end":{"line":11,"column":15489}},"loc":{"start":{"line":11,"column":15499},"end":{"line":11,"column":15598}},"line":11},"82":{"name":"(anonymous_82)","decl":{"start":{"line":11,"column":15548},"end":{"line":11,"column":15549}},"loc":{"start":{"line":11,"column":15558},"end":{"line":11,"column":15596}},"line":11},"83":{"name":"(anonymous_83)","decl":{"start":{"line":11,"column":15629},"end":{"line":11,"column":15630}},"loc":{"start":{"line":11,"column":15640},"end":{"line":11,"column":24572}},"line":11},"84":{"name":"e","decl":{"start":{"line":11,"column":15663},"end":{"line":11,"column":15664}},"loc":{"start":{"line":11,"column":15667},"end":{"line":11,"column":15856}},"line":11},"85":{"name":"(anonymous_85)","decl":{"start":{"line":11,"column":15685},"end":{"line":11,"column":15686}},"loc":{"start":{"line":11,"column":15695},"end":{"line":11,"column":15854}},"line":11},"86":{"name":"(anonymous_86)","decl":{"start":{"line":11,"column":15862},"end":{"line":11,"column":15863}},"loc":{"start":{"line":11,"column":15875},"end":{"line":11,"column":16028}},"line":11},"87":{"name":"(anonymous_87)","decl":{"start":{"line":11,"column":16361},"end":{"line":11,"column":16362}},"loc":{"start":{"line":11,"column":16376},"end":{"line":11,"column":17408}},"line":11},"88":{"name":"(anonymous_88)","decl":{"start":{"line":11,"column":17433},"end":{"line":11,"column":17434}},"loc":{"start":{"line":11,"column":17443},"end":{"line":11,"column":17462}},"line":11},"89":{"name":"(anonymous_89)","decl":{"start":{"line":11,"column":17486},"end":{"line":11,"column":17487}},"loc":{"start":{"line":11,"column":17497},"end":{"line":11,"column":17637}},"line":11},"90":{"name":"(anonymous_90)","decl":{"start":{"line":11,"column":17669},"end":{"line":11,"column":17670}},"loc":{"start":{"line":11,"column":17679},"end":{"line":11,"column":17789}},"line":11},"91":{"name":"(anonymous_91)","decl":{"start":{"line":11,"column":17753},"end":{"line":11,"column":17754}},"loc":{"start":{"line":11,"column":17766},"end":{"line":11,"column":17785}},"line":11},"92":{"name":"(anonymous_92)","decl":{"start":{"line":11,"column":17808},"end":{"line":11,"column":17809}},"loc":{"start":{"line":11,"column":17819},"end":{"line":11,"column":18340}},"line":11},"93":{"name":"(anonymous_93)","decl":{"start":{"line":11,"column":18266},"end":{"line":11,"column":18267}},"loc":{"start":{"line":11,"column":18276},"end":{"line":11,"column":18306}},"line":11},"94":{"name":"(anonymous_94)","decl":{"start":{"line":11,"column":18367},"end":{"line":11,"column":18368}},"loc":{"start":{"line":11,"column":18377},"end":{"line":11,"column":18441}},"line":11},"95":{"name":"(anonymous_95)","decl":{"start":{"line":11,"column":18460},"end":{"line":11,"column":18461}},"loc":{"start":{"line":11,"column":18471},"end":{"line":11,"column":18953}},"line":11},"96":{"name":"(anonymous_96)","decl":{"start":{"line":11,"column":18878},"end":{"line":11,"column":18879}},"loc":{"start":{"line":11,"column":18888},"end":{"line":11,"column":18919}},"line":11},"97":{"name":"(anonymous_97)","decl":{"start":{"line":11,"column":18971},"end":{"line":11,"column":18972}},"loc":{"start":{"line":11,"column":18981},"end":{"line":11,"column":20366}},"line":11},"98":{"name":"(anonymous_98)","decl":{"start":{"line":11,"column":20132},"end":{"line":11,"column":20133}},"loc":{"start":{"line":11,"column":20142},"end":{"line":11,"column":20240}},"line":11},"99":{"name":"(anonymous_99)","decl":{"start":{"line":11,"column":20394},"end":{"line":11,"column":20395}},"loc":{"start":{"line":11,"column":20407},"end":{"line":11,"column":21007}},"line":11},"100":{"name":"(anonymous_100)","decl":{"start":{"line":11,"column":20626},"end":{"line":11,"column":20627}},"loc":{"start":{"line":11,"column":20637},"end":{"line":11,"column":20693}},"line":11},"101":{"name":"(anonymous_101)","decl":{"start":{"line":11,"column":21033},"end":{"line":11,"column":21034}},"loc":{"start":{"line":11,"column":21048},"end":{"line":11,"column":21120}},"line":11},"102":{"name":"(anonymous_102)","decl":{"start":{"line":11,"column":21144},"end":{"line":11,"column":21145}},"loc":{"start":{"line":11,"column":21154},"end":{"line":11,"column":21298}},"line":11},"103":{"name":"(anonymous_103)","decl":{"start":{"line":11,"column":21316},"end":{"line":11,"column":21317}},"loc":{"start":{"line":11,"column":21327},"end":{"line":11,"column":21746}},"line":11},"104":{"name":"o","decl":{"start":{"line":11,"column":21337},"end":{"line":11,"column":21338}},"loc":{"start":{"line":11,"column":21340},"end":{"line":11,"column":21462}},"line":11},"105":{"name":"(anonymous_105)","decl":{"start":{"line":11,"column":21768},"end":{"line":11,"column":21769}},"loc":{"start":{"line":11,"column":21778},"end":{"line":11,"column":21933}},"line":11},"106":{"name":"(anonymous_106)","decl":{"start":{"line":11,"column":21957},"end":{"line":11,"column":21958}},"loc":{"start":{"line":11,"column":21967},"end":{"line":11,"column":21991}},"line":11},"107":{"name":"(anonymous_107)","decl":{"start":{"line":11,"column":22016},"end":{"line":11,"column":22017}},"loc":{"start":{"line":11,"column":22027},"end":{"line":11,"column":22454}},"line":11},"108":{"name":"(anonymous_108)","decl":{"start":{"line":11,"column":22487},"end":{"line":11,"column":22488}},"loc":{"start":{"line":11,"column":22504},"end":{"line":11,"column":22717}},"line":11},"109":{"name":"(anonymous_109)","decl":{"start":{"line":11,"column":22755},"end":{"line":11,"column":22756}},"loc":{"start":{"line":11,"column":22772},"end":{"line":11,"column":23157}},"line":11},"110":{"name":"(anonymous_110)","decl":{"start":{"line":11,"column":23179},"end":{"line":11,"column":23180}},"loc":{"start":{"line":11,"column":23189},"end":{"line":11,"column":23323}},"line":11},"111":{"name":"(anonymous_111)","decl":{"start":{"line":11,"column":23343},"end":{"line":11,"column":23344}},"loc":{"start":{"line":11,"column":23354},"end":{"line":11,"column":23426}},"line":11},"112":{"name":"(anonymous_112)","decl":{"start":{"line":11,"column":23443},"end":{"line":11,"column":23444}},"loc":{"start":{"line":11,"column":23453},"end":{"line":11,"column":23636}},"line":11},"113":{"name":"(anonymous_113)","decl":{"start":{"line":11,"column":23655},"end":{"line":11,"column":23656}},"loc":{"start":{"line":11,"column":23665},"end":{"line":11,"column":23732}},"line":11},"114":{"name":"(anonymous_114)","decl":{"start":{"line":11,"column":23752},"end":{"line":11,"column":23753}},"loc":{"start":{"line":11,"column":23762},"end":{"line":11,"column":23779}},"line":11},"115":{"name":"(anonymous_115)","decl":{"start":{"line":11,"column":23800},"end":{"line":11,"column":23801}},"loc":{"start":{"line":11,"column":23810},"end":{"line":11,"column":23827}},"line":11},"116":{"name":"(anonymous_116)","decl":{"start":{"line":11,"column":23854},"end":{"line":11,"column":23855}},"loc":{"start":{"line":11,"column":23864},"end":{"line":11,"column":23892}},"line":11},"117":{"name":"(anonymous_117)","decl":{"start":{"line":11,"column":23912},"end":{"line":11,"column":23913}},"loc":{"start":{"line":11,"column":23923},"end":{"line":11,"column":24219}},"line":11},"118":{"name":"(anonymous_118)","decl":{"start":{"line":11,"column":24240},"end":{"line":11,"column":24241}},"loc":{"start":{"line":11,"column":24250},"end":{"line":11,"column":24447}},"line":11},"119":{"name":"(anonymous_119)","decl":{"start":{"line":11,"column":24299},"end":{"line":11,"column":24300}},"loc":{"start":{"line":11,"column":24309},"end":{"line":11,"column":24445}},"line":11},"120":{"name":"(anonymous_120)","decl":{"start":{"line":11,"column":24533},"end":{"line":11,"column":24534}},"loc":{"start":{"line":11,"column":24543},"end":{"line":11,"column":24571}},"line":11},"121":{"name":"(anonymous_121)","decl":{"start":{"line":11,"column":24582},"end":{"line":11,"column":24583}},"loc":{"start":{"line":11,"column":24593},"end":{"line":11,"column":26159}},"line":11},"122":{"name":"e","decl":{"start":{"line":11,"column":24616},"end":{"line":11,"column":24617}},"loc":{"start":{"line":11,"column":24620},"end":{"line":11,"column":24809}},"line":11},"123":{"name":"(anonymous_123)","decl":{"start":{"line":11,"column":24638},"end":{"line":11,"column":24639}},"loc":{"start":{"line":11,"column":24648},"end":{"line":11,"column":24807}},"line":11},"124":{"name":"(anonymous_124)","decl":{"start":{"line":11,"column":24815},"end":{"line":11,"column":24816}},"loc":{"start":{"line":11,"column":24828},"end":{"line":11,"column":24854}},"line":11},"125":{"name":"(anonymous_125)","decl":{"start":{"line":11,"column":25297},"end":{"line":11,"column":25298}},"loc":{"start":{"line":11,"column":25307},"end":{"line":11,"column":25326}},"line":11},"126":{"name":"(anonymous_126)","decl":{"start":{"line":11,"column":25350},"end":{"line":11,"column":25351}},"loc":{"start":{"line":11,"column":25360},"end":{"line":11,"column":25706}},"line":11},"127":{"name":"(anonymous_127)","decl":{"start":{"line":11,"column":25730},"end":{"line":11,"column":25731}},"loc":{"start":{"line":11,"column":25740},"end":{"line":11,"column":25783}},"line":11},"128":{"name":"(anonymous_128)","decl":{"start":{"line":11,"column":25807},"end":{"line":11,"column":25808}},"loc":{"start":{"line":11,"column":25817},"end":{"line":11,"column":25946}},"line":11},"129":{"name":"(anonymous_129)","decl":{"start":{"line":11,"column":25965},"end":{"line":11,"column":25966}},"loc":{"start":{"line":11,"column":25975},"end":{"line":11,"column":26034}},"line":11},"130":{"name":"(anonymous_130)","decl":{"start":{"line":11,"column":26120},"end":{"line":11,"column":26121}},"loc":{"start":{"line":11,"column":26130},"end":{"line":11,"column":26158}},"line":11},"131":{"name":"(anonymous_131)","decl":{"start":{"line":11,"column":26169},"end":{"line":11,"column":26170}},"loc":{"start":{"line":11,"column":26180},"end":{"line":11,"column":27979}},"line":11},"132":{"name":"e","decl":{"start":{"line":11,"column":26203},"end":{"line":11,"column":26204}},"loc":{"start":{"line":11,"column":26207},"end":{"line":11,"column":26332}},"line":11},"133":{"name":"(anonymous_133)","decl":{"start":{"line":11,"column":26225},"end":{"line":11,"column":26226}},"loc":{"start":{"line":11,"column":26235},"end":{"line":11,"column":26330}},"line":11},"134":{"name":"(anonymous_134)","decl":{"start":{"line":11,"column":26338},"end":{"line":11,"column":26339}},"loc":{"start":{"line":11,"column":26349},"end":{"line":11,"column":26368}},"line":11},"135":{"name":"(anonymous_135)","decl":{"start":{"line":11,"column":26430},"end":{"line":11,"column":26431}},"loc":{"start":{"line":11,"column":26440},"end":{"line":11,"column":27007}},"line":11},"136":{"name":"(anonymous_136)","decl":{"start":{"line":11,"column":26887},"end":{"line":11,"column":26888}},"loc":{"start":{"line":11,"column":26897},"end":{"line":11,"column":27003}},"line":11},"137":{"name":"(anonymous_137)","decl":{"start":{"line":11,"column":27029},"end":{"line":11,"column":27030}},"loc":{"start":{"line":11,"column":27044},"end":{"line":11,"column":27696}},"line":11},"138":{"name":"s","decl":{"start":{"line":11,"column":27054},"end":{"line":11,"column":27055}},"loc":{"start":{"line":11,"column":27057},"end":{"line":11,"column":27477}},"line":11},"139":{"name":"(anonymous_139)","decl":{"start":{"line":11,"column":27766},"end":{"line":11,"column":27767}},"loc":{"start":{"line":11,"column":27776},"end":{"line":11,"column":27800}},"line":11},"140":{"name":"(anonymous_140)","decl":{"start":{"line":11,"column":27807},"end":{"line":11,"column":27808}},"loc":{"start":{"line":11,"column":27818},"end":{"line":11,"column":27861}},"line":11},"141":{"name":"(anonymous_141)","decl":{"start":{"line":11,"column":27989},"end":{"line":11,"column":27990}},"loc":{"start":{"line":11,"column":28000},"end":{"line":11,"column":30392}},"line":11},"142":{"name":"e","decl":{"start":{"line":11,"column":28023},"end":{"line":11,"column":28024}},"loc":{"start":{"line":11,"column":28027},"end":{"line":11,"column":28182}},"line":11},"143":{"name":"(anonymous_143)","decl":{"start":{"line":11,"column":28045},"end":{"line":11,"column":28046}},"loc":{"start":{"line":11,"column":28055},"end":{"line":11,"column":28180}},"line":11},"144":{"name":"(anonymous_144)","decl":{"start":{"line":11,"column":28188},"end":{"line":11,"column":28189}},"loc":{"start":{"line":11,"column":28201},"end":{"line":11,"column":28514}},"line":11},"145":{"name":"(anonymous_145)","decl":{"start":{"line":11,"column":28629},"end":{"line":11,"column":28630}},"loc":{"start":{"line":11,"column":28646},"end":{"line":11,"column":28975}},"line":11},"146":{"name":"(anonymous_146)","decl":{"start":{"line":11,"column":29004},"end":{"line":11,"column":29005}},"loc":{"start":{"line":11,"column":29014},"end":{"line":11,"column":29203}},"line":11},"147":{"name":"(anonymous_147)","decl":{"start":{"line":11,"column":29243},"end":{"line":11,"column":29244}},"loc":{"start":{"line":11,"column":29253},"end":{"line":11,"column":29301}},"line":11},"148":{"name":"(anonymous_148)","decl":{"start":{"line":11,"column":29328},"end":{"line":11,"column":29329}},"loc":{"start":{"line":11,"column":29338},"end":{"line":11,"column":30042}},"line":11},"149":{"name":"(anonymous_149)","decl":{"start":{"line":11,"column":30120},"end":{"line":11,"column":30121}},"loc":{"start":{"line":11,"column":30130},"end":{"line":11,"column":30156}},"line":11},"150":{"name":"(anonymous_150)","decl":{"start":{"line":11,"column":30177},"end":{"line":11,"column":30178}},"loc":{"start":{"line":11,"column":30187},"end":{"line":11,"column":30390}},"line":11},"151":{"name":"(anonymous_151)","decl":{"start":{"line":11,"column":30217},"end":{"line":11,"column":30218}},"loc":{"start":{"line":11,"column":30227},"end":{"line":11,"column":30388}},"line":11},"152":{"name":"(anonymous_152)","decl":{"start":{"line":11,"column":30402},"end":{"line":11,"column":30403}},"loc":{"start":{"line":11,"column":30413},"end":{"line":12,"column":1756}},"line":11},"153":{"name":"e","decl":{"start":{"line":11,"column":30436},"end":{"line":11,"column":30437}},"loc":{"start":{"line":11,"column":30440},"end":{"line":11,"column":30535}},"line":11},"154":{"name":"i","decl":{"start":{"line":11,"column":30544},"end":{"line":11,"column":30545}},"loc":{"start":{"line":11,"column":30548},"end":{"line":11,"column":30791}},"line":11},"155":{"name":"(anonymous_155)","decl":{"start":{"line":11,"column":30566},"end":{"line":11,"column":30567}},"loc":{"start":{"line":11,"column":30576},"end":{"line":11,"column":30789}},"line":11},"156":{"name":"(anonymous_156)","decl":{"start":{"line":11,"column":30797},"end":{"line":11,"column":30798}},"loc":{"start":{"line":11,"column":30810},"end":{"line":11,"column":31149}},"line":11},"157":{"name":"(anonymous_157)","decl":{"start":{"line":11,"column":31239},"end":{"line":11,"column":31240}},"loc":{"start":{"line":11,"column":31249},"end":{"line":11,"column":31314}},"line":11},"158":{"name":"(anonymous_158)","decl":{"start":{"line":11,"column":31332},"end":{"line":11,"column":31333}},"loc":{"start":{"line":11,"column":31342},"end":{"line":12,"column":255}},"line":11},"159":{"name":"(anonymous_159)","decl":{"start":{"line":11,"column":31901},"end":{"line":11,"column":31902}},"loc":{"start":{"line":11,"column":31911},"end":{"line":12,"column":43}},"line":11},"160":{"name":"(anonymous_160)","decl":{"start":{"line":12,"column":273},"end":{"line":12,"column":274}},"loc":{"start":{"line":12,"column":283},"end":{"line":12,"column":953}},"line":12},"161":{"name":"(anonymous_161)","decl":{"start":{"line":12,"column":678},"end":{"line":12,"column":679}},"loc":{"start":{"line":12,"column":688},"end":{"line":12,"column":801}},"line":12},"162":{"name":"(anonymous_162)","decl":{"start":{"line":12,"column":973},"end":{"line":12,"column":974}},"loc":{"start":{"line":12,"column":983},"end":{"line":12,"column":1035}},"line":12},"163":{"name":"(anonymous_163)","decl":{"start":{"line":12,"column":1058},"end":{"line":12,"column":1059}},"loc":{"start":{"line":12,"column":1068},"end":{"line":12,"column":1261}},"line":12},"164":{"name":"(anonymous_164)","decl":{"start":{"line":12,"column":1184},"end":{"line":12,"column":1185}},"loc":{"start":{"line":12,"column":1197},"end":{"line":12,"column":1247}},"line":12},"165":{"name":"(anonymous_165)","decl":{"start":{"line":12,"column":1299},"end":{"line":12,"column":1300}},"loc":{"start":{"line":12,"column":1312},"end":{"line":12,"column":1416}},"line":12},"166":{"name":"(anonymous_166)","decl":{"start":{"line":12,"column":1506},"end":{"line":12,"column":1507}},"loc":{"start":{"line":12,"column":1516},"end":{"line":12,"column":1545}},"line":12},"167":{"name":"(anonymous_167)","decl":{"start":{"line":12,"column":1617},"end":{"line":12,"column":1618}},"loc":{"start":{"line":12,"column":1628},"end":{"line":12,"column":1754}},"line":12},"168":{"name":"(anonymous_168)","decl":{"start":{"line":12,"column":1766},"end":{"line":12,"column":1767}},"loc":{"start":{"line":12,"column":1777},"end":{"line":12,"column":4173}},"line":12},"169":{"name":"e","decl":{"start":{"line":12,"column":1800},"end":{"line":12,"column":1801}},"loc":{"start":{"line":12,"column":1806},"end":{"line":12,"column":2162}},"line":12},"170":{"name":"i","decl":{"start":{"line":12,"column":2171},"end":{"line":12,"column":2172}},"loc":{"start":{"line":12,"column":2175},"end":{"line":12,"column":2338}},"line":12},"171":{"name":"(anonymous_171)","decl":{"start":{"line":12,"column":2193},"end":{"line":12,"column":2194}},"loc":{"start":{"line":12,"column":2203},"end":{"line":12,"column":2336}},"line":12},"172":{"name":"(anonymous_172)","decl":{"start":{"line":12,"column":2407},"end":{"line":12,"column":2408}},"loc":{"start":{"line":12,"column":2417},"end":{"line":12,"column":2537}},"line":12},"173":{"name":"(anonymous_173)","decl":{"start":{"line":12,"column":2558},"end":{"line":12,"column":2559}},"loc":{"start":{"line":12,"column":2568},"end":{"line":12,"column":3039}},"line":12},"174":{"name":"(anonymous_174)","decl":{"start":{"line":12,"column":2788},"end":{"line":12,"column":2789}},"loc":{"start":{"line":12,"column":2798},"end":{"line":12,"column":2933}},"line":12},"175":{"name":"(anonymous_175)","decl":{"start":{"line":12,"column":2940},"end":{"line":12,"column":2941}},"loc":{"star
[...]
,"519":[0,0],"520":[0,0],"521":[0,0],"522":[0,0],"523":[0,0],"524":[0,0],"525":[0,0],"526":[0,0],"527":[0,0],"528":[0,0],"529":[0,0],"530":[0,0],"531":[0,0,0,0],"532":[0,0],"533":[0,0],"534":[0,0],"535":[0,0],"536":[0,0],"537":[0,0],"538":[0,0],"539":[0,0],"540":[0,0],"541":[0,0],"542":[0,0],"543":[0,0],"544":[0,0],"545":[0,0,0],"546":[0,0],"547":[0,0],"548":[0,0],"549":[0,0],"550":[0,0],"551":[0,0],"552":[0,0],"553":[0,0],"554":[0,0],"555":[0,0],"556":[0,0],"557":[0,0],"558":[0,0],"559":[0,0],"560":[0,0],"561":[0,0],"562":[0,0],"563":[0,0],"564":[0,0],"565":[0,0],"566":[0,0],"567":[0,0],"568":[0,0],"569":[0,0],"570":[0,0],"571":[0,0],"572":[0,0],"573":[0,0],"574":[0,0],"575":[0,0],"576":[0,0],"577":[0,0],"578":[0,0],"579":[0,0],"580":[0,0],"581":[0,0],"582":[0,0],"583":[0,0],"584":[0,0],"585":[0,0],"586":[0,0],"587":[0,0],"588":[0,0],"589":[0,0],"590":[0,0],"591":[0,0],"592":[0,0],"593":[0,0],"594":[0,0],"595":[0,0],"596":[0,0],"597":[0,0],"598":[0,0],"599":[0,0],"600":[0,0],"601":[0,0],"602":[0,0],"603":[0,0],"604":[0,0],"605":[0,0],"606":[0,0],"607":[0,0],"608":[0,0],"609":[0,0],"610":[0,0],"611":[0,0],"612":[0,0],"613":[0,0,0],"614":[0,0],"615":[0,0],"616":[0,0],"617":[0,0],"618":[0,0],"619":[0,0],"620":[0,0],"621":[0,0],"622":[0,0],"623":[0,0],"624":[0,0],"625":[0,0],"626":[0,0],"627":[0,0],"628":[0,0],"629":[0,0],"630":[0,0],"631":[0,0],"632":[0,0],"633":[0,0],"634":[0,0],"635":[0,0],"636":[0,0],"637":[0,0],"638":[0,0],"639":[0,0],"640":[0,0],"641":[0,0],"642":[0,0],"643":[0,0],"644":[0,0],"645":[0,0],"646":[0,0],"647":[0,0],"648":[0,0],"649":[0,0],"650":[0,0],"651":[0,0],"652":[0,0],"653":[0,0],"654":[0,0],"655":[0,0],"656":[0,0],"657":[0,0],"658":[0,0],"659":[0,0],"660":[0,0],"661":[0,0],"662":[0,0],"663":[0,0],"664":[0,0],"665":[0,0],"666":[0,0],"667":[0,0,0,0,0,0,0,0,0],"668":[0,0],"669":[0,0],"670":[0,0],"671":[0,0],"672":[0,0],"673":[0,0],"674":[0,0],"675":[0,0],"676":[0,0],"677":[0,0],"678":[0,0],"679":[0,0],"680":[0,0],"681":[0,0],"682":[0,0],"683":[0,0],"684":[0,0],"685":[0,0],"686":[0,0],"687":[0,0,0,0],"688":[0,0],"689":[0,0,0,0],"690":[0,0],"691":[0,0],"692":[0,0],"693":[0,0,0,0,0,0,0,0,0,0],"694":[0,0],"695":[0,0],"696":[0,0],"697":[0,0],"698":[0,0],"699":[0,0],"700":[0,0],"701":[0,0],"702":[0,0],"703":[0,0],"704":[0,0],"705":[0,0],"706":[0,0],"707":[0,0],"708":[0,0],"709":[0,0],"710":[0,0],"711":[0,0],"712":[0,0],"713":[0,0],"714":[0,0],"715":[0,0],"716":[0,0],"717":[0,0],"718":[0,0],"719":[0,0],"720":[0,0],"721":[0,0],"722":[0,0],"723":[0,0],"724":[0,0],"725":[0,0],"726":[0,0],"727":[0,0,0,0,0,0],"728":[0,0],"729":[0,0],"730":[0,0],"731":[0,0],"732":[0,0,0,0,0,0,0],"733":[0,0],"734":[0,0],"735":[0,0],"736":[0,0],"737":[0,0,0,0,0,0,0,0,0,0,0,0,0,0,0,0,0,0,0,0,0,0,0],"738":[0,0],"739":[0,0],"740":[0,0],"741":[0,0],"742":[0,0],"743":[0,0],"744":[0,0],"745":[0,0],"746":[0,0],"747":[0,0],"748":[0,0],"749":[0,0],"750":[0,0],"751":[0,0],"752":[0,0],"753":[0,0],"754":[0,0],"755":[0,0],"756":[0,0],"757":[0,0,0],"758":[0,0],"759":[0,0],"760":[0,0]},"all":true},"C:\\Users\\Chaima\\Desktop\\test\\Front_Reastaurant\\src\\main.ts":{"path":"C:\\Users\\Chaima\\Desktop\\test\\Front_Reastaurant\\src\\main.ts","statementMap":{"0":{"start":{"line":8,"column":0},"end":{"line":9,"column":36}},"1":{"start":{"line":9,"column":16},"end":{"line":9,"column":34}}},"fnMap":{"0":{"name":"(anonymous_0)","decl":{"start":{"line":9,"column":9},"end":{"line":9,"column":10}},"loc":{"start":{"line":9,"column":16},"end":{"line":9,"column":34}},"line":9}},"branchMap":{},"s":{"0":0,"1":0},"f":{"0":0},"b":{},"all":true},"C:\\Users\\Chaima\\Desktop\\test\\Front_Reastaurant\\src\\tests\\addcategory.spec.js":{"path":"C:\\Users\\Chaima\\Desktop\\test\\Front_Reastaurant\\src\\tests\\addcategory.spec.js","statementMap":{"0":{"start":{"line":1,"column":31},"end":{"line":1,"column":60}},"1":{"start":{"line":2,"column":15},"end":{"line":2,"column":32}},"2":{"start":{"line":4,"column":0},"end":{"line":55,"column":3}},"3":{"start":{"line":5,"column":2},"end":{"line":5,"column":22}},"4":{"start":{"line":8,"column":2},"end":{"line":10,"column":5}},"5":{"start":{"line":9,"column":4},"end":{"line":9,"column":62}},"6":{"start":{"line":12,"column":2},"end":{"line":16,"column":5}},"7":{"start":{"line":13,"column":4},"end":{"line":15,"column":5}},"8":{"start":{"line":14,"column":6},"end":{"line":14,"column":26}},"9":{"start":{"line":18,"column":2},"end":{"line":54,"column":5}},"10":{"start":{"line":19,"column":4},"end":{"line":19,"column":53}},"11":{"start":{"line":20,"column":4},"end":{"line":20,"column":63}},"12":{"start":{"line":21,"column":4},"end":{"line":25,"column":6}},"13":{"start":{"line":27,"column":4},"end":{"line":27,"column":59}},"14":{"start":{"line":28,"column":22},"end":{"line":28,"column":86}},"15":{"start":{"line":29,"column":4},"end":{"line":29,"column":70}},"16":{"start":{"line":30,"column":4},"end":{"line":30,"column":28}},"17":{"start":{"line":32,"column":4},"end":{"line":32,"column":46}},"18":{"start":{"line":33,"column":22},"end":{"line":33,"column":83}},"19":{"start":{"line":34,"column":4},"end":{"line":34,"column":61}},"20":{"start":{"line":35,"column":4},"end":{"line":35,"column":38}},"21":{"start":{"line":37,"column":4},"end":{"line":37,"column":53}},"22":{"start":{"line":38,"column":29},"end":{"line":38,"column":97}},"23":{"start":{"line":39,"column":4},"end":{"line":39,"column":75}},"24":{"start":{"line":40,"column":4},"end":{"line":40,"column":53}},"25":{"start":{"line":42,"column":4},"end":{"line":42,"column":53}},"26":{"start":{"line":43,"column":25},"end":{"line":43,"column":108}},"27":{"start":{"line":44,"column":4},"end":{"line":44,"column":67}},"28":{"start":{"line":45,"column":4},"end":{"line":45,"column":31}},"29":{"start":{"line":47,"column":4},"end":{"line":47,"column":61}},"30":{"start":{"line":48,"column":24},"end":{"line":51,"column":5}},"31":{"start":{"line":52,"column":4},"end":{"line":52,"column":72}},"32":{"start":{"line":53,"column":4},"end":{"line":53,"column":64}}},"fnMap":{"0":{"name":"(anonymous_0)","decl":{"start":{"line":4,"column":25},"end":{"line":4,"column":26}},"loc":{"start":{"line":4,"column":37},"end":{"line":55,"column":1}},"line":4},"1":{"name":"(anonymous_1)","decl":{"start":{"line":8,"column":13},"end":{"line":8,"column":14}},"loc":{"start":{"line":8,"column":31},"end":{"line":10,"column":3}},"line":8},"2":{"name":"(anonymous_2)","decl":{"start":{"line":12,"column":12},"end":{"line":12,"column":13}},"loc":{"start":{"line":12,"column":30},"end":{"line":16,"column":3}},"line":12},"3":{"name":"(anonymous_3)","decl":{"start":{"line":18,"column":34},"end":{"line":18,"column":35}},"loc":{"start":{"line":18,"column":52},"end":{"line":54,"column":3}},"line":18}},"branchMap":{"0":{"loc":{"start":{"line":13,"column":4},"end":{"line":15,"column":5}},"type":"if","locations":[{"start":{"line":13,"column":4},"end":{"line":15,"column":5}},{"start":{"line":13,"column":4},"end":{"line":15,"column":5}}],"line":13}},"s":{"0":0,"1":0,"2":0,"3":0,"4":0,"5":0,"6":0,"7":0,"8":0,"9":0,"10":0,"11":0,"12":0,"13":0,"14":0,"15":0,"16":0,"17":0,"18":0,"19":0,"20":0,"21":0,"22":0,"23":0,"24":0,"25":0,"26":0,"27":0,"28":0,"29":0,"30":0,"31":0,"32":0},"f":{"0":0,"1":0,"2":0,"3":0},"b":{"0":[0,0]},"all":true},"C:\\Users\\Chaima\\Desktop\\test\\Front_Reastaurant\\src\\tests\\addcategoryFailed.spec.js":{"path":"C:\\Users\\Chaima\\Desktop\\test\\Front_Reastaurant\\src\\tests\\addcategoryFailed.spec.js","statementMap":{"0":{"start":{"line":1,"column":36},"end":{"line":1,"column":65}},"1":{"start":{"line":2,"column":15},"end":{"line":2,"column":32}},"2":{"start":{"line":4,"column":0},"end":{"line":50,"column":3}},"3":{"start":{"line":5,"column":2},"end":{"line":5,"column":22}},"4":{"start":{"line":9,"column":2},"end":{"line":12,"column":5}},"5":{"start":{"line":10,"column":4},"end":{"line":10,"column":62}},"6":{"start":{"line":11,"column":4},"end":{"line":11,"column":14}},"7":{"start":{"line":14,"column":2},"end":{"line":16,"column":5}},"8":{"start":{"line":15,"column":4},"end":{"line":15,"column":24}},"9":{"start":{"line":18,"column":2},"end":{"line":49,"column":5}},"10":{"start":{"line":20,"column":4},"end":{"line":20,"column":63}},"11":{"start":{"line":23,"column":4},"end":{"line":23,"column":73}},"12":{"start":{"line":26,"column":4},"end":{"line":26,"column":68}},"13":{"start":{"line":29,"column":4},"end":{"line":29,"column":75}},"14":{"start":{"line":32,"column":4},"end":{"line":32,"column":74}},"15":{"start":{"line":35,"column":29},"end":{"line":38,"column":5}},"16":{"start":{"line":39,"column":22},"end":{"line":39,"column":54}},"17":{"start":{"line":40,"column":4},"end":{"line":40,"column":144}},"18":{"start":{"line":43,"column":4},"end":{"line":48,"column":5}},"19":{"start":{"line":44,"column":26},"end":{"line":44,"column":97}},"20":{"start":{"line":45,"column":6},"end":{"line":45,"column":32}},"21":{"start":{"line":47,"column":6},"end":{"line":47,"column":66}}},"fnMap":{"0":{"name":"(anonymous_0)","decl":{"start":{"line":4,"column":31},"end":{"line":4,"column":32}},"loc":{"start":{"line":4,"column":42},"end":{"line":50,"column":1}},"line":4},"1":{"name":"(anonymous_1)","decl":{"start":{"line":9,"column":13},"end":{"line":9,"column":14}},"loc":{"start":{"line":9,"column":30},"end":{"line":12,"column":3}},"line":9},"2":{"name":"(anonymous_2)","decl":{"start":{"line":14,"column":12},"end":{"line":14,"column":13}},"loc":{"start":{"line":14,"column":29},"end":{"line":16,"column":3}},"line":14},"3":{"name":"(anonymous_3)","decl":{"start":{"line":18,"column":27},"end":{"line":18,"column":28}},"loc":{"start":{"line":18,"column":44},"end":{"line":49,"column":3}},"line":18}},"branchMap":{},"s":{"0":0,"1":0,"2":0,"3":0,"4":0,"5":0,"6":0,"7":0,"8":0,"9":0,"10":0,"11":0,"12":0,"13":0,"14":0,"15":0,"16":0,"17":0,"18":0,"19":0,"20":0,"21":0},"f":{"0":0,"1":0,"2":0,"3":0},"b":{},"all":true},"C:\\Users\\Chaima\\Desktop\\test\\Front_Reastaurant\\src\\tests\\deletecategory.spec.js":{"path":"C:\\Users\\Chaima\\Desktop\\test\\Front_Reastaurant\\src\\tests\\deletecategory.spec.js","statementMap":{"0":{"start":{"line":2,"column":36},"end":{"line":2,"column":65}},"1":{"start":{"line":3,"column":15},"end":{"line":3,"column":32}},"2":{"start":{"line":5,"column":0},"end":{"line":28,"column":2}},"3":{"start":{"line":6,"column":2},"end":{"line":6,"column":21}},"4":{"start":{"line":9,"column":2},"end":{"line":12,"column":4}},"5":{"start":{"line":10,"column":4},"end":{"line":10,"column":61}},"6":{"start":{"line":11,"column":4},"end":{"line":11,"column":13}},"7":{"start":{"line":13,"column":2},"end":{"line":15,"column":4}},"8":{"start":{"line":14,"column":4},"end":{"line":14,"column":24}},"9":{"start":{"line":16,"column":2},"end":{"line":27,"column":4}},"10":{"start":{"line":20,"column":4},"end":{"line":20,"column":62}},"11":{"start":{"line":22,"column":4},"end":{"line":22,"column":72}},"12":{"start":{"line":24,"column":4},"end":{"line":24,"column":83}},"13":{"start":{"line":26,"column":4},"end":{"line":26,"column":62}}},"fnMap":{"0":{"name":"(anonymous_0)","decl":{"start":{"line":5,"column":28},"end":{"line":5,"column":29}},"loc":{"start":{"line":5,"column":39},"end":{"line":28,"column":1}},"line":5},"1":{"name":"(anonymous_1)","decl":{"start":{"line":9,"column":13},"end":{"line":9,"column":14}},"loc":{"start":{"line":9,"column":30},"end":{"line":12,"column":3}},"line":9},"2":{"name":"(anonymous_2)","decl":{"start":{"line":13,"column":12},"end":{"line":13,"column":13}},"loc":{"start":{"line":13,"column":29},"end":{"line":15,"column":3}},"line":13},"3":{"name":"(anonymous_3)","decl":{"start":{"line":16,"column":24},"end":{"line":16,"column":25}},"loc":{"start":{"line":16,"column":41},"end":{"line":27,"column":3}},"line":16}},"branchMap":{},"s":{"0":0,"1":0,"2":0,"3":0,"4":0,"5":0,"6":0,"7":0,"8":0,"9":0,"10":0,"11":0,"12":0,"13":0},"f":{"0":0,"1":0,"2":0,"3":0},"b":{},"all":true},"C:\\Users\\Chaima\\Desktop\\test\\Front_Reastaurant\\src\\tests\\register.spec.js":{"path":"C:\\Users\\Chaima\\Desktop\\test\\Front_Reastaurant\\src\\tests\\register.spec.js","statementMap":{"0":{"start":{"line":2,"column":36},"end":{"line":2,"column":65}},"1":{"start":{"line":3,"column":15},"end":{"line":3,"column":32}},"2":{"start":{"line":5,"column":0},"end":{"line":38,"column":2}},"3":{"start":{"line":6,"column":2},"end":{"line":6,"column":21}},"4":{"start":{"line":9,"column":2},"end":{"line":12,"column":4}},"5":{"start":{"line":10,"column":4},"end":{"line":10,"column":62}},"6":{"start":{"line":11,"column":4},"end":{"line":11,"column":13}},"7":{"start":{"line":13,"column":2},"end":{"line":15,"column":4}},"8":{"start":{"line":14,"column":4},"end":{"line":14,"column":24}},"9":{"start":{"line":16,"column":2},"end":{"line":37,"column":4}},"10":{"start":{"line":17,"column":4},"end":{"line":17,"column":47}},"11":{"start":{"line":18,"column":4},"end":{"line":18,"column":72}},"12":{"start":{"line":19,"column":4},"end":{"line":19,"column":59}},"13":{"start":{"line":20,"column":4},"end":{"line":20,"column":50}},"14":{"start":{"line":23,"column":4},"end":{"line":23,"column":72}},"15":{"start":{"line":24,"column":4},"end":{"line":24,"column":58}},"16":{"start":{"line":25,"column":4},"end":{"line":25,"column":70}},"17":{"start":{"line":28,"column":4},"end":{"line":28,"column":55}},"18":{"start":{"line":29,"column":4},"end":{"line":29,"column":71}},"19":{"start":{"line":30,"column":4},"end":{"line":30,"column":58}},"20":{"start":{"line":31,"column":4},"end":{"line":31,"column":72}},"21":{"start":{"line":32,"column":4},"end":{"line":32,"column":53}},"22":{"start":{"line":33,"column":4},"end":{"line":33,"column":58}},"23":{"start":{"line":34,"column":4},"end":{"line":34,"column":74}},"24":{"start":{"line":35,"column":4},"end":{"line":35,"column":53}}},"fnMap":{"0":{"name":"(anonymous_0)","decl":{"start":{"line":5,"column":21},"end":{"line":5,"column":22}},"loc":{"start":{"line":5,"column":32},"end":{"line":38,"column":1}},"line":5},"1":{"name":"(anonymous_1)","decl":{"start":{"line":9,"column":13},"end":{"line":9,"column":14}},"loc":{"start":{"line":9,"column":30},"end":{"line":12,"column":3}},"line":9},"2":{"name":"(anonymous_2)","decl":{"start":{"line":13,"column":12},"end":{"line":13,"column":13}},"loc":{"start":{"line":13,"column":29},"end":{"line":15,"column":3}},"line":13},"3":{"name":"(anonymous_3)","decl":{"start":{"line":16,"column":17},"end":{"line":16,"column":18}},"loc":{"start":{"line":16,"column":34},"end":{"line":37,"column":3}},"line":16}},"branchMap":{},"s":{"0":0,"1":0,"2":0,"3":0,"4":0,"5":0,"6":0,"7":0,"8":0,"9":0,"10":0,"11":0,"12":0,"13":0,"14":0,"15":0,"16":0,"17":0,"18":0,"19":0,"20":0,"21":0,"22":0,"23":0,"24":0},"f":{"0":0,"1":0,"2":0,"3":0},"b":{},"all":true},"C:\\Users\\Chaima\\Desktop\\test\\Front_Reastaurant\\src\\tests\\registerFai.spec.js":{"path":"C:\\Users\\Chaima\\Desktop\\test\\Front_Reastaurant\\src\\tests\\registerFai.spec.js","statementMap":{"0":{"start":{"line":1,"column":36},"end":{"line":1,"column":65}},"1":{"start":{"line":2,"column":15},"end":{"line":2,"column":32}},"2":{"start":{"line":4,"column":0},"end":{"line":58,"column":3}},"3":{"start":{"line":5,"column":2},"end":{"line":5,"column":22}},"4":{"start":{"line":9,"column":2},"end":{"line":12,"column":5}},"5":{"start":{"line":10,"column":4},"end":{"line":10,"column":62}},"6":{"start":{"line":11,"column":4},"end":{"line":11,"column":14}},"7":{"start":{"line":14,"column":2},"end":{"line":16,"column":5}},"8":{"start":{"line":15,"column":4},"end":{"line":15,"column":24}},"9":{"start":{"line":18,"column":2},"end":{"line":57,"column":5}},"10":{"start":{"line":20,"column":4},"end":{"line":20,"column":55}},"11":{"start":{"line":23,"column":26},"end":{"line":23,"column":71}},"12":{"start":{"line":24,"column":23},"end":{"line":24,"column":65}},"13":{"start":{"line":25,"column":26},"end":{"line":25,"column":71}},"14":{"start":{"line":26,"column":4},"end":{"line":26,"column":86}},"15":{"start":{"line":27,"column":4},"end":{"line":27,"column":80}},"16":{"start":{"line":28,"column":4},"end":{"line":28,"column":86}},"17":{"start":{"line":31,"column":4},"end":{"line":31,"column":32}},"18":{"start":{"line":32,"column":4},"end":{"line":32,"column":44}},"19":{"start":{"line":35,"column":4},"end":{"line":35,"column":29}},"20":{"start":{"line":36,"column":4},"end":{"line":36,"column":47}},"21":{"start":{"line":39,"column":4},"end":{"line":39,"column":32}},"22":{"start":{"line":40,"column":4},"end":{"line":40,"column":47}},"23":{"start":{"line":43,"column":4},"end":{"line":43,"column":53}},"24":{"start":{"line":46,"column":4},"end":{"line":56,"column":5}},"25":{"start":{"line":48,"column":6},"end":{"line":48,"column":84}},"26":{"start":{"line":51,"column":27},"end":{"line":51,"column":93}},"27":{"start":{"line":52,"column":6},"end":{"line":52,"column":112}},"28":{"start":{"line":55,"column":6},"end":{"line":55,"column":45}}},"fnMap":{"0":{"name":"(anonymous_0)","decl":{"start":{"line":4,"column":24},"end":{"line":4,"column":25}},"loc":{"start":{"line":4,"column":35},"end":{"line":58,"column":1}},"line":4},"1":{"name":"(anonymous_1)","decl":{"start":{"line":9,"column":13},"end":{"line":9,"column":14}},"loc":{"start":{"line":9,"column":30},"end":{"line":12,"column":3}},"line":9},"2":{"name":"(anonymous_2)","decl":{"start":{"line":14,"column":12},"end":{"line":14,"column":13}},"loc":{"start":{"line":14,"column":29},"end":{"line":16,"column":3}},"line":14},"3":{"name":"(anonymous_3)","decl":{"start":{"line":18,"column":20},"end":{"line":18,"column":21}},"loc":{"start":{"line":18,"column":37},"end":{"line":57,"column":3}},"line":18}},"branchMap":{},"s":{"0":0,"1":0,"2":0,"3":0,"4":0,"5":0,"6":0,"7":0,"8":0,"9":0,"10":0,"11":0,"12":0,"13":0,"14":0,"15":0,"16":0,"17":0,"18":0,"19":0,"20":0,"21":0,"22":0,"23":0,"24":0,"25":0,"26":0,"27":0,"28":0},"f":{"0":0,"1":0,"2":0,"3":0},"b":{},"all":true},"C:\\Users\\Chaima\\Desktop\\test\\Front_Reastaurant\\src\\tests\\updatecategory.spec.js":{"path":"C:\\Users\\Chaima\\Desktop\\test\\Front_Reastaurant\\src\\tests\\updatecategory.spec.js","statementMap":{"0":{"start":{"line":2,"column":36},"end":{"line":2,"column":65}},"1":{"start":{"line":3,"column":15},"end":{"line":3,"column":32}},"2":{"start":{"line":5,"column":0},"end":{"line":32,"column":2}},"3":{"start":{"line":6,"column":2},"end":{"line":6,"column":21}},"4":{"start":{"line":9,"column":2},"end":{"line":12,"column":4}},"5":{"start":{"line":10,"column":4},"end":{"line":10,"column":61}},"6":{"start":{"line":11,"column":4},"end":{"line":11,"column":13}},"7":{"start":{"line":13,"column":2},"end":{"line":15,"column":4}},"8":{"start":{"line":14,"column":4},"end":{"line":14,"column":24}},"9":{"start":{"line":16,"column":2},"end":{"line":31,"column":4}},"10":{"start":{"line":20,"column":4},"end":{"line":20,"column":62}},"11":{"start":{"line":22,"column":4},"end":{"line":22,"column":72}},"12":{"start":{"line":24,"column":4},"end":{"line":24,"column":83}},"13":{"start":{"line":26,"column":4},"end":{"line":26,"column":58}},"14":{"start":{"line":28,"column":4},"end":{"line":28,"column":76}},"15":{"start":{"line":30,"column":4},"end":{"line":30,"column":52}}},"fnMap":{"0":{"name":"(anonymous_0)","decl":{"start":{"line":5,"column":28},"end":{"line":5,"column":29}},"loc":{"start":{"line":5,"column":39},"end":{"line":32,"column":1}},"line":5},"1":{"name":"(anonymous_1)","decl":{"start":{"line":9,"column":13},"end":{"line":9,"column":14}},"loc":{"start":{"line":9,"column":30},"end":{"line":12,"column":3}},"line":9},"2":{"name":"(anonymous_2)","decl":{"start":{"line":13,"column":12},"end":{"line":13,"column":13}},"loc":{"start":{"line":13,"column":29},"end":{"line":15,"column":3}},"line":13},"3":{"name":"(anonymous_3)","decl":{"start":{"line":16,"column":24},"end":{"line":16,"column":25}},"loc":{"start":{"line":16,"column":41},"end":{"line":31,"column":3}},"line":16}},"branchMap":{},"s":{"0":0,"1":0,"2":0,"3":0,"4":0,"5":0,"6":0,"7":0,"8":0,"9":0,"10":0,"11":0,"12":0,"13":0,"14":0,"15":0},"f":{"0":0,"1":0,"2":0,"3":0},"b":{},"all":true}}